info: ::1 - - [14/Nov/2022:03:00:48 +0000] "POST /api/v1/users/register HTTP/1.1" 201 326 "-" "PostmanRuntime/7.29.2"

info: ::1 - - [14/Nov/2022:03:01:28 +0000] "POST /api/v1/users/logins HTTP/1.1" 200 322 "-" "PostmanRuntime/7.29.2"

info: ::1 - - [14/Nov/2022:03:01:40 +0000] "POST /api/v1/users/logins HTTP/1.1" 200 58 "-" "PostmanRuntime/7.29.2"

info: ::1 - - [14/Nov/2022:03:01:49 +0000] "POST /api/v1/users/logins HTTP/1.1" 200 61 "-" "PostmanRuntime/7.29.2"

info: ::1 - - [14/Nov/2022:08:46:05 +0000] "POST /api/v1/users/logins HTTP/1.1" 500 54 "-" "PostmanRuntime/7.29.2"

info: ::1 - - [14/Nov/2022:08:46:08 +0000] "POST /api/v1/users/logins HTTP/1.1" 500 54 "-" "PostmanRuntime/7.29.2"

info: ::1 - - [14/Nov/2022:08:46:11 +0000] "POST /api/v1/users/logins HTTP/1.1" 500 54 "-" "PostmanRuntime/7.29.2"

info: ::1 - - [14/Nov/2022:08:47:38 +0000] "POST /api/v1/users/logins HTTP/1.1" 500 54 "-" "PostmanRuntime/7.29.2"

info: ::1 - - [14/Nov/2022:08:49:46 +0000] "POST /api/v1/users/logins HTTP/1.1" 200 290 "-" "PostmanRuntime/7.29.2"

info: ::1 - - [14/Nov/2022:08:49:54 +0000] "POST /api/v1/users/logins HTTP/1.1" 500 61 "-" "PostmanRuntime/7.29.2"

info: ::1 - - [14/Nov/2022:08:50:05 +0000] "POST /api/v1/users/logins HTTP/1.1" 500 58 "-" "PostmanRuntime/7.29.2"

info: ::1 - - [14/Nov/2022:08:50:12 +0000] "POST /api/v1/users/logins HTTP/1.1" 200 290 "-" "PostmanRuntime/7.29.2"

info: ::1 - - [14/Nov/2022:10:00:16 +0000] "POST /api/v1/users/notes HTTP/1.1" 404 47 "-" "PostmanRuntime/7.29.2"

info: ::1 - - [14/Nov/2022:10:01:24 +0000] "POST /api/v1/users/addnote HTTP/1.1" 404 47 "-" "PostmanRuntime/7.29.2"

info: ::1 - - [14/Nov/2022:10:01:25 +0000] "POST /api/v1/users/addnote HTTP/1.1" 404 47 "-" "PostmanRuntime/7.29.2"

info: ::1 - - [14/Nov/2022:10:01:27 +0000] "POST /api/v1/users/addnote HTTP/1.1" 404 47 "-" "PostmanRuntime/7.29.2"

info: ::1 - - [14/Nov/2022:10:01:41 +0000] "POST /api/v1/users/notes/addnote HTTP/1.1" 404 47 "-" "PostmanRuntime/7.29.2"

info: ::1 - - [14/Nov/2022:10:01:43 +0000] "POST /api/v1/users/notes/addnote HTTP/1.1" 404 47 "-" "PostmanRuntime/7.29.2"

info: ::1 - - [14/Nov/2022:10:14:56 +0000] "GET /api/v1 HTTP/1.1" 200 9 "-" "PostmanRuntime/7.29.2"

info: ::1 - - [14/Nov/2022:10:16:33 +0000] "POST /api/v1/addnote HTTP/1.1" 404 47 "-" "PostmanRuntime/7.29.2"

info: ::1 - - [14/Nov/2022:10:17:16 +0000] "POST /api/v1/users/addnote HTTP/1.1" 500 72 "-" "PostmanRuntime/7.29.2"

info: ::1 - - [14/Nov/2022:10:19:54 +0000] "POST /api/v1/users/addnote HTTP/1.1" 201 245 "-" "PostmanRuntime/7.29.2"

info: ::1 - - [14/Nov/2022:10:25:39 +0000] "GET /api/v1/users HTTP/1.1" 200 1227 "-" "PostmanRuntime/7.29.2"

info: ::1 - - [14/Nov/2022:10:26:55 +0000] "POST /api/v1/users/register HTTP/1.1" 201 327 "-" "PostmanRuntime/7.29.2"

info: ::1 - - [14/Nov/2022:10:27:20 +0000] "POST /api/v1/users/logins HTTP/1.1" 500 82 "-" "PostmanRuntime/7.29.2"

info: ::1 - - [14/Nov/2022:10:27:27 +0000] "POST /api/v1/users/logins HTTP/1.1" 500 82 "-" "PostmanRuntime/7.29.2"

info: ::1 - - [14/Nov/2022:10:28:04 +0000] "POST /api/v1/users/logins HTTP/1.1" 500 82 "-" "PostmanRuntime/7.29.2"

info: ::1 - - [14/Nov/2022:10:28:58 +0000] "POST /api/v1/users/logins HTTP/1.1" 500 82 "-" "PostmanRuntime/7.29.2"

info: ::1 - - [14/Nov/2022:10:28:59 +0000] "POST /api/v1/users/logins HTTP/1.1" 500 82 "-" "PostmanRuntime/7.29.2"

info: ::1 - - [14/Nov/2022:10:29:12 +0000] "POST /api/v1/users/logins HTTP/1.1" 500 82 "-" "PostmanRuntime/7.29.2"

info: ::1 - - [14/Nov/2022:10:29:36 +0000] "POST /api/v1/users/logins HTTP/1.1" 200 291 "-" "PostmanRuntime/7.29.2"

info: ::1 - - [14/Nov/2022:10:30:29 +0000] "POST /api/v1/users/logins HTTP/1.1" 200 291 "-" "PostmanRuntime/7.29.2"

info: ::1 - - [14/Nov/2022:10:30:42 +0000] "POST /api/v1/users/logins HTTP/1.1" 200 198 "-" "PostmanRuntime/7.29.2"

info: ::1 - - [14/Nov/2022:10:31:05 +0000] "POST /api/v1/users/logins HTTP/1.1" 500 82 "-" "PostmanRuntime/7.29.2"

info: ::1 - - [14/Nov/2022:10:31:06 +0000] "POST /api/v1/users/logins HTTP/1.1" 500 82 "-" "PostmanRuntime/7.29.2"

info: ::1 - - [14/Nov/2022:10:31:29 +0000] "POST /api/v1/users/logins HTTP/1.1" 200 198 "-" "PostmanRuntime/7.29.2"

info: ::1 - - [14/Nov/2022:10:34:40 +0000] "POST /api/v1/users/logins HTTP/1.1" 200 227 "-" "PostmanRuntime/7.29.2"

info: ::1 - - [14/Nov/2022:10:39:45 +0000] "POST /api/v1/users/logins HTTP/1.1" 200 227 "-" "PostmanRuntime/7.29.2"

info: ::1 - - [14/Nov/2022:10:40:43 +0000] "POST /api/v1/users/logins HTTP/1.1" 200 227 "-" "PostmanRuntime/7.29.2"

info: ::1 - - [14/Nov/2022:10:42:05 +0000] "POST /api/v1/users/logins HTTP/1.1" 200 227 "-" "PostmanRuntime/7.29.2"

info: ::1 - - [14/Nov/2022:10:43:45 +0000] "POST /api/v1/users/logins HTTP/1.1" 200 227 "-" "PostmanRuntime/7.29.2"

info: ::1 - - [14/Nov/2022:10:45:08 +0000] "POST /api/v1/users/logins HTTP/1.1" 200 227 "-" "PostmanRuntime/7.29.2"

info: ::1 - - [14/Nov/2022:10:48:20 +0000] "POST /api/v1/users/logins HTTP/1.1" 200 227 "-" "PostmanRuntime/7.29.2"

info: ::1 - - [14/Nov/2022:11:54:01 +0000] "POST /api/v1/users/logins HTTP/1.1" 200 227 "-" "PostmanRuntime/7.29.2"

info: ::1 - - [14/Nov/2022:11:56:09 +0000] "POST /api/v1/users/logins HTTP/1.1" 200 227 "-" "PostmanRuntime/7.29.2"

info: ::1 - - [14/Nov/2022:11:59:07 +0000] "GET /api/v1/users HTTP/1.1" 200 1497 "-" "PostmanRuntime/7.29.2"

info: ::1 - - [14/Nov/2022:11:59:19 +0000] "GET /api/v1/users/636e5cd6199b1b4dd83d0388 HTTP/1.1" 200 261 "-" "PostmanRuntime/7.29.2"

info: ::1 - - [14/Nov/2022:11:59:58 +0000] "GET /api/v1/users/636e5cd6199b1b4dd83d0388 HTTP/1.1" 500 52 "-" "PostmanRuntime/7.29.2"

info: ::1 - - [14/Nov/2022:12:00:14 +0000] "GET /api/v1/users/636e5cd6199b1b4dd83d0388 HTTP/1.1" 200 261 "-" "PostmanRuntime/7.29.2"

info: ::1 - - [14/Nov/2022:12:07:16 +0000] "POST /api/v1/notes/addnote HTTP/1.1" 201 250 "-" "PostmanRuntime/7.29.2"

info: ::1 - - [14/Nov/2022:12:37:27 +0000] "GET /api/v1/notes/allnotes HTTP/1.1" 200 257 "-" "PostmanRuntime/7.29.2"

