info: ::1 - - [13/Nov/2022:08:32:28 +0000] "POST /api/v1/users/login HTTP/1.1" 404 47 "-" "PostmanRuntime/7.29.2"

info: ::1 - - [13/Nov/2022:08:32:34 +0000] "POST /api/v1/users/logins HTTP/1.1" 500 54 "-" "PostmanRuntime/7.29.2"

info: ::1 - - [13/Nov/2022:08:32:39 +0000] "POST /api/v1/users/logins HTTP/1.1" 500 54 "-" "PostmanRuntime/7.29.2"

info: ::1 - - [13/Nov/2022:08:33:36 +0000] "POST /api/v1/users/logins HTTP/1.1" 200 40 "-" "PostmanRuntime/7.29.2"

info: ::1 - - [13/Nov/2022:08:33:42 +0000] "POST /api/v1/users/logins HTTP/1.1" 200 40 "-" "PostmanRuntime/7.29.2"

info: ::1 - - [13/Nov/2022:08:34:00 +0000] "POST /api/v1/users/logins HTTP/1.1" 200 303 "-" "PostmanRuntime/7.29.2"

info: ::1 - - [13/Nov/2022:08:34:41 +0000] "POST /api/v1/users/logins HTTP/1.1" 200 303 "-" "PostmanRuntime/7.29.2"

info: ::1 - - [13/Nov/2022:08:37:05 +0000] "POST /api/v1/users/logins HTTP/1.1" 200 303 "-" "PostmanRuntime/7.29.2"

info: ::1 - - [13/Nov/2022:08:37:34 +0000] "POST /api/v1/users/logins HTTP/1.1" 200 303 "-" "PostmanRuntime/7.29.2"

info: ::1 - - [13/Nov/2022:08:38:06 +0000] "POST /api/v1/users/logins HTTP/1.1" 200 303 "-" "PostmanRuntime/7.29.2"

info: ::1 - - [13/Nov/2022:08:39:49 +0000] "POST /api/v1/users/logins HTTP/1.1" 200 303 "-" "PostmanRuntime/7.29.2"

info: ::1 - - [13/Nov/2022:08:40:15 +0000] "POST /api/v1/users/logins HTTP/1.1" 200 303 "-" "PostmanRuntime/7.29.2"

info: ::1 - - [13/Nov/2022:08:42:59 +0000] "POST /api/v1/users/logins HTTP/1.1" 500 57 "-" "PostmanRuntime/7.29.2"

info: ::1 - - [13/Nov/2022:08:43:03 +0000] "POST /api/v1/users/logins HTTP/1.1" 500 57 "-" "PostmanRuntime/7.29.2"

info: ::1 - - [13/Nov/2022:08:43:19 +0000] "POST /api/v1/users/logins HTTP/1.1" 200 303 "-" "PostmanRuntime/7.29.2"

info: ::1 - - [13/Nov/2022:08:43:45 +0000] "POST /api/v1/users/logins HTTP/1.1" 200 303 "-" "PostmanRuntime/7.29.2"

info: ::1 - - [13/Nov/2022:08:46:47 +0000] "POST /api/v1/users/logins HTTP/1.1" 200 303 "-" "PostmanRuntime/7.29.2"

info: ::1 - - [13/Nov/2022:08:47:06 +0000] "POST /api/v1/users/logins HTTP/1.1" 200 303 "-" "PostmanRuntime/7.29.2"

info: ::1 - - [13/Nov/2022:08:47:24 +0000] "POST /api/v1/users/logins HTTP/1.1" 200 303 "-" "PostmanRuntime/7.29.2"

info: ::1 - - [13/Nov/2022:08:47:54 +0000] "POST /api/v1/users/logins HTTP/1.1" 500 91 "-" "PostmanRuntime/7.29.2"

info: ::1 - - [13/Nov/2022:08:50:02 +0000] "POST /api/v1/users/logins HTTP/1.1" 200 303 "-" "PostmanRuntime/7.29.2"

info: ::1 - - [13/Nov/2022:08:50:31 +0000] "POST /api/v1/users/logins HTTP/1.1" 500 55 "-" "PostmanRuntime/7.29.2"

info: ::1 - - [13/Nov/2022:08:51:15 +0000] "POST /api/v1/users/logins HTTP/1.1" 200 303 "-" "PostmanRuntime/7.29.2"

info: ::1 - - [13/Nov/2022:08:51:27 +0000] "POST /api/v1/users/logins HTTP/1.1" 200 303 "-" "PostmanRuntime/7.29.2"

info: ::1 - - [13/Nov/2022:08:52:22 +0000] "POST /api/v1/users/logins HTTP/1.1" 200 303 "-" "PostmanRuntime/7.29.2"

info: ::1 - - [13/Nov/2022:08:53:40 +0000] "POST /api/v1/users/logins HTTP/1.1" 200 303 "-" "PostmanRuntime/7.29.2"

info: ::1 - - [13/Nov/2022:08:54:15 +0000] "POST /api/v1/users/logins HTTP/1.1" 200 303 "-" "PostmanRuntime/7.29.2"

info: ::1 - - [13/Nov/2022:08:54:39 +0000] "POST /api/v1/users/logins HTTP/1.1" 200 303 "-" "PostmanRuntime/7.29.2"

info: ::1 - - [13/Nov/2022:08:56:29 +0000] "POST /api/v1/users/logins HTTP/1.1" 200 303 "-" "PostmanRuntime/7.29.2"

info: ::1 - - [13/Nov/2022:08:59:18 +0000] "POST /api/v1/users/logins HTTP/1.1" 500 62 "-" "PostmanRuntime/7.29.2"

info: ::1 - - [13/Nov/2022:08:59:24 +0000] "POST /api/v1/users/logins HTTP/1.1" 500 62 "-" "PostmanRuntime/7.29.2"

info: ::1 - - [13/Nov/2022:09:02:16 +0000] "POST /api/v1/users/logins HTTP/1.1" 200 303 "-" "PostmanRuntime/7.29.2"

info: ::1 - - [13/Nov/2022:09:12:24 +0000] "POST /api/v1/users/logins HTTP/1.1" 500 56 "-" "PostmanRuntime/7.29.2"

info: ::1 - - [13/Nov/2022:09:13:16 +0000] "POST /api/v1/users/logins HTTP/1.1" 200 303 "-" "PostmanRuntime/7.29.2"

info: ::1 - - [13/Nov/2022:09:13:50 +0000] "POST /api/v1/users/logins HTTP/1.1" 200 303 "-" "PostmanRuntime/7.29.2"

info: ::1 - - [13/Nov/2022:09:14:40 +0000] "POST /api/v1/users/logins HTTP/1.1" 200 303 "-" "PostmanRuntime/7.29.2"

info: ::1 - - [13/Nov/2022:09:14:53 +0000] "POST /api/v1/users/logins HTTP/1.1" 200 303 "-" "PostmanRuntime/7.29.2"

info: ::1 - - [13/Nov/2022:09:17:06 +0000] "POST /api/v1/users/logins HTTP/1.1" 200 303 "-" "PostmanRuntime/7.29.2"

info: ::1 - - [13/Nov/2022:09:17:11 +0000] "POST /api/v1/users/logins HTTP/1.1" 200 66 "-" "PostmanRuntime/7.29.2"

info: ::1 - - [13/Nov/2022:09:20:08 +0000] "POST /api/v1/users/logins HTTP/1.1" 200 66 "-" "PostmanRuntime/7.29.2"

info: ::1 - - [13/Nov/2022:09:20:13 +0000] "POST /api/v1/users/logins HTTP/1.1" 200 303 "-" "PostmanRuntime/7.29.2"

info: ::1 - - [13/Nov/2022:09:21:25 +0000] "POST /api/v1/users/logins HTTP/1.1" 200 303 "-" "PostmanRuntime/7.29.2"

info: ::1 - - [13/Nov/2022:14:13:13 +0000] "POST /api/v1/users/logins HTTP/1.1" 200 303 "-" "PostmanRuntime/7.29.2"

info: ::1 - - [13/Nov/2022:14:13:22 +0000] "POST /api/v1/users/logins HTTP/1.1" 500 91 "-" "PostmanRuntime/7.29.2"

info: ::1 - - [13/Nov/2022:14:13:43 +0000] "POST /api/v1/users/logins HTTP/1.1" 200 303 "-" "PostmanRuntime/7.29.2"

info: ::1 - - [13/Nov/2022:14:13:51 +0000] "POST /api/v1/users/logins HTTP/1.1" 200 66 "-" "PostmanRuntime/7.29.2"

info: ::1 - - [13/Nov/2022:14:15:10 +0000] "POST /api/v1/users/logins HTTP/1.1" 500 54 "-" "PostmanRuntime/7.29.2"

info: ::1 - - [13/Nov/2022:14:15:31 +0000] "POST /api/v1/users/logins HTTP/1.1" 500 54 "-" "PostmanRuntime/7.29.2"

info: ::1 - - [13/Nov/2022:14:15:42 +0000] "POST /api/v1/users/logins HTTP/1.1" 500 54 "-" "PostmanRuntime/7.29.2"

info: ::1 - - [13/Nov/2022:14:16:16 +0000] "POST /api/v1/users/logins HTTP/1.1" 200 66 "-" "PostmanRuntime/7.29.2"

info: ::1 - - [13/Nov/2022:14:17:42 +0000] "POST /api/v1/users/logins HTTP/1.1" 200 66 "-" "PostmanRuntime/7.29.2"

info: ::1 - - [13/Nov/2022:14:18:51 +0000] "POST /api/v1/users/logins HTTP/1.1" 500 56 "-" "PostmanRuntime/7.29.2"

info: ::1 - - [13/Nov/2022:14:19:05 +0000] "POST /api/v1/users/logins HTTP/1.1" 200 66 "-" "PostmanRuntime/7.29.2"

info: ::1 - - [13/Nov/2022:14:19:20 +0000] "POST /api/v1/users/logins HTTP/1.1" 200 66 "-" "PostmanRuntime/7.29.2"

info: ::1 - - [13/Nov/2022:14:19:22 +0000] "POST /api/v1/users/logins HTTP/1.1" 200 66 "-" "PostmanRuntime/7.29.2"

info: ::1 - - [13/Nov/2022:14:19:37 +0000] "POST /api/v1/users/logins HTTP/1.1" 200 66 "-" "PostmanRuntime/7.29.2"

info: ::1 - - [13/Nov/2022:14:19:40 +0000] "POST /api/v1/users/logins HTTP/1.1" 200 66 "-" "PostmanRuntime/7.29.2"

info: ::1 - - [13/Nov/2022:14:19:42 +0000] "POST /api/v1/users/logins HTTP/1.1" 200 66 "-" "PostmanRuntime/7.29.2"

info: ::1 - - [13/Nov/2022:14:19:55 +0000] "POST /api/v1/users/logins HTTP/1.1" 200 66 "-" "PostmanRuntime/7.29.2"

info: ::1 - - [13/Nov/2022:14:19:56 +0000] "POST /api/v1/users/logins HTTP/1.1" 200 66 "-" "PostmanRuntime/7.29.2"

info: ::1 - - [13/Nov/2022:14:19:57 +0000] "POST /api/v1/users/logins HTTP/1.1" 200 66 "-" "PostmanRuntime/7.29.2"

info: ::1 - - [13/Nov/2022:14:20:04 +0000] "POST /api/v1/users/logins HTTP/1.1" 200 66 "-" "PostmanRuntime/7.29.2"

info: ::1 - - [13/Nov/2022:14:20:05 +0000] "POST /api/v1/users/logins HTTP/1.1" 200 66 "-" "PostmanRuntime/7.29.2"

info: ::1 - - [13/Nov/2022:14:20:06 +0000] "POST /api/v1/users/logins HTTP/1.1" 200 66 "-" "PostmanRuntime/7.29.2"

info: ::1 - - [13/Nov/2022:14:20:26 +0000] "POST /api/v1/users/logins HTTP/1.1" 200 303 "-" "PostmanRuntime/7.29.2"

info: ::1 - - [13/Nov/2022:14:20:28 +0000] "POST /api/v1/users/logins HTTP/1.1" 200 303 "-" "PostmanRuntime/7.29.2"

info: ::1 - - [13/Nov/2022:14:20:32 +0000] "POST /api/v1/users/logins HTTP/1.1" 200 66 "-" "PostmanRuntime/7.29.2"

info: ::1 - - [13/Nov/2022:14:22:01 +0000] "POST /api/v1/users/logins HTTP/1.1" 200 66 "-" "PostmanRuntime/7.29.2"

info: ::1 - - [13/Nov/2022:14:22:02 +0000] "POST /api/v1/users/logins HTTP/1.1" 200 66 "-" "PostmanRuntime/7.29.2"

info: ::1 - - [13/Nov/2022:14:22:09 +0000] "POST /api/v1/users/logins HTTP/1.1" 200 303 "-" "PostmanRuntime/7.29.2"

info: ::1 - - [13/Nov/2022:14:22:18 +0000] "POST /api/v1/users/logins HTTP/1.1" 500 91 "-" "PostmanRuntime/7.29.2"

info: ::1 - - [13/Nov/2022:14:24:25 +0000] "POST /api/v1/users/logins HTTP/1.1" 500 91 "-" "PostmanRuntime/7.29.2"

info: ::1 - - [13/Nov/2022:14:24:27 +0000] "POST /api/v1/users/logins HTTP/1.1" 500 91 "-" "PostmanRuntime/7.29.2"

info: ::1 - - [13/Nov/2022:14:28:09 +0000] "POST /api/v1/users/logins HTTP/1.1" 500 91 "-" "PostmanRuntime/7.29.2"

info: ::1 - - [13/Nov/2022:14:28:11 +0000] "POST /api/v1/users/logins HTTP/1.1" 500 91 "-" "PostmanRuntime/7.29.2"

info: ::1 - - [13/Nov/2022:14:29:32 +0000] "POST /api/v1/users/logins HTTP/1.1" 500 91 "-" "PostmanRuntime/7.29.2"

info: ::1 - - [13/Nov/2022:14:29:46 +0000] "GET /api/v1/users HTTP/1.1" 200 1170 "-" "PostmanRuntime/7.29.2"

info: ::1 - - [13/Nov/2022:14:30:08 +0000] "GET /api/v1/users HTTP/1.1" 200 1170 "-" "PostmanRuntime/7.29.2"

info: ::1 - - [13/Nov/2022:14:30:47 +0000] "POST /api/v1/users/logins HTTP/1.1" 200 66 "-" "PostmanRuntime/7.29.2"

info: ::1 - - [13/Nov/2022:14:31:00 +0000] "GET /api/v1/users HTTP/1.1" 200 1170 "-" "PostmanRuntime/7.29.2"

info: ::1 - - [13/Nov/2022:14:31:37 +0000] "POST /api/v1/users/login HTTP/1.1" 404 47 "-" "PostmanRuntime/7.29.2"

info: ::1 - - [13/Nov/2022:14:31:39 +0000] "POST /api/v1/users/login HTTP/1.1" 404 47 "-" "PostmanRuntime/7.29.2"

info: ::1 - - [13/Nov/2022:14:31:43 +0000] "POST /api/v1/users/logins HTTP/1.1" 200 66 "-" "PostmanRuntime/7.29.2"

info: ::1 - - [13/Nov/2022:14:31:45 +0000] "POST /api/v1/users/logins HTTP/1.1" 200 66 "-" "PostmanRuntime/7.29.2"

info: ::1 - - [13/Nov/2022:14:32:02 +0000] "GET /api/v1/users HTTP/1.1" 200 1170 "-" "PostmanRuntime/7.29.2"

info: ::1 - - [13/Nov/2022:14:33:25 +0000] "DELETE /api/v1/users/636f45f86475701e20753543 HTTP/1.1" 200 60 "-" "PostmanRuntime/7.29.2"

info: ::1 - - [13/Nov/2022:14:33:40 +0000] "GET /api/v1/users HTTP/1.1" 200 906 "-" "PostmanRuntime/7.29.2"

info: ::1 - - [13/Nov/2022:14:34:20 +0000] "POST /api/v1/users/register HTTP/1.1" 500 61 "-" "PostmanRuntime/7.29.2"

info: ::1 - - [13/Nov/2022:14:34:29 +0000] "GET /api/v1/users/register HTTP/1.1" 400 56 "-" "PostmanRuntime/7.29.2"

info: ::1 - - [13/Nov/2022:14:34:35 +0000] "GET /api/v1/users HTTP/1.1" 200 906 "-" "PostmanRuntime/7.29.2"

info: ::1 - - [13/Nov/2022:14:34:50 +0000] "DELETE /api/v1/users/636e5cc5199b1b4dd83d0386 HTTP/1.1" 200 60 "-" "PostmanRuntime/7.29.2"

info: ::1 - - [13/Nov/2022:14:35:02 +0000] "POST /api/v1/users/register HTTP/1.1" 201 322 "-" "PostmanRuntime/7.29.2"

info: ::1 - - [13/Nov/2022:14:35:19 +0000] "POST /api/v1/users/logins HTTP/1.1" 200 304 "-" "PostmanRuntime/7.29.2"

info: ::1 - - [13/Nov/2022:15:06:01 +0000] "POST /api/v1/users/logins HTTP/1.1" 200 304 "-" "PostmanRuntime/7.29.2"

info: ::1 - - [13/Nov/2022:15:06:07 +0000] "POST /api/v1/users/logins HTTP/1.1" 200 66 "-" "PostmanRuntime/7.29.2"

info: ::1 - - [13/Nov/2022:15:06:14 +0000] "POST /api/v1/users/logins HTTP/1.1" 500 91 "-" "PostmanRuntime/7.29.2"

info: ::1 - - [13/Nov/2022:15:07:33 +0000] "POST /api/v1/users/logins HTTP/1.1" 500 91 "-" "PostmanRuntime/7.29.2"

info: ::1 - - [13/Nov/2022:15:07:35 +0000] "POST /api/v1/users/logins HTTP/1.1" 500 91 "-" "PostmanRuntime/7.29.2"

info: ::1 - - [13/Nov/2022:15:12:06 +0000] "POST /api/v1/users/logins HTTP/1.1" 500 91 "-" "PostmanRuntime/7.29.2"

info: ::1 - - [13/Nov/2022:15:12:07 +0000] "POST /api/v1/users/logins HTTP/1.1" 500 91 "-" "PostmanRuntime/7.29.2"

info: ::1 - - [13/Nov/2022:15:12:09 +0000] "POST /api/v1/users/logins HTTP/1.1" 500 91 "-" "PostmanRuntime/7.29.2"

info: ::1 - - [13/Nov/2022:15:17:08 +0000] "POST /api/v1/users/logins HTTP/1.1" 500 91 "-" "PostmanRuntime/7.29.2"

info: ::1 - - [13/Nov/2022:15:17:17 +0000] "POST /api/v1/users/logins HTTP/1.1" 200 304 "-" "PostmanRuntime/7.29.2"

info: ::1 - - [13/Nov/2022:15:18:39 +0000] "POST /api/v1/users/logins HTTP/1.1" 200 63 "-" "PostmanRuntime/7.29.2"

info: ::1 - - [13/Nov/2022:15:19:22 +0000] "POST /api/v1/users/logins HTTP/1.1" 200 63 "-" "PostmanRuntime/7.29.2"

info: ::1 - - [13/Nov/2022:15:19:24 +0000] "POST /api/v1/users/logins HTTP/1.1" 200 63 "-" "PostmanRuntime/7.29.2"

info: ::1 - - [13/Nov/2022:15:19:36 +0000] "POST /api/v1/users/logins HTTP/1.1" 200 63 "-" "PostmanRuntime/7.29.2"

info: ::1 - - [13/Nov/2022:15:19:39 +0000] "POST /api/v1/users/logins HTTP/1.1" 200 63 "-" "PostmanRuntime/7.29.2"

info: ::1 - - [13/Nov/2022:15:19:41 +0000] "POST /api/v1/users/logins HTTP/1.1" 200 63 "-" "PostmanRuntime/7.29.2"

info: ::1 - - [13/Nov/2022:15:20:04 +0000] "POST /api/v1/users/logins HTTP/1.1" 200 304 "-" "PostmanRuntime/7.29.2"

info: ::1 - - [13/Nov/2022:15:20:29 +0000] "POST /api/v1/users/logins HTTP/1.1" 500 91 "-" "PostmanRuntime/7.29.2"

info: ::1 - - [13/Nov/2022:15:21:08 +0000] "POST /api/v1/users/logins HTTP/1.1" 200 304 "-" "PostmanRuntime/7.29.2"

info: ::1 - - [13/Nov/2022:15:21:13 +0000] "POST /api/v1/users/logins HTTP/1.1" 200 66 "-" "PostmanRuntime/7.29.2"

info: ::1 - - [13/Nov/2022:15:21:23 +0000] "POST /api/v1/users/logins HTTP/1.1" 500 91 "-" "PostmanRuntime/7.29.2"

info: ::1 - - [13/Nov/2022:15:21:34 +0000] "POST /api/v1/users/logins HTTP/1.1" 200 304 "-" "PostmanRuntime/7.29.2"

info: ::1 - - [13/Nov/2022:15:22:00 +0000] "POST /api/v1/users/logins HTTP/1.1" 200 304 "-" "PostmanRuntime/7.29.2"

info: ::1 - - [13/Nov/2022:15:22:17 +0000] "POST /api/v1/users/logins HTTP/1.1" 200 304 "-" "PostmanRuntime/7.29.2"

info: ::1 - - [13/Nov/2022:15:22:30 +0000] "POST /api/v1/users/logins HTTP/1.1" 500 91 "-" "PostmanRuntime/7.29.2"

info: ::1 - - [13/Nov/2022:15:22:54 +0000] "POST /api/v1/users/logins HTTP/1.1" 500 91 "-" "PostmanRuntime/7.29.2"

info: ::1 - - [13/Nov/2022:15:23:00 +0000] "POST /api/v1/users/logins HTTP/1.1" 200 304 "-" "PostmanRuntime/7.29.2"

info: ::1 - - [13/Nov/2022:15:23:05 +0000] "POST /api/v1/users/logins HTTP/1.1" 500 91 "-" "PostmanRuntime/7.29.2"

info: ::1 - - [13/Nov/2022:15:24:31 +0000] "POST /api/v1/users/logins HTTP/1.1" 200 304 "-" "PostmanRuntime/7.29.2"

info: ::1 - - [13/Nov/2022:15:24:39 +0000] "POST /api/v1/users/logins HTTP/1.1" 500 91 "-" "PostmanRuntime/7.29.2"

info: ::1 - - [13/Nov/2022:15:26:12 +0000] "POST /api/v1/users/logins HTTP/1.1" 200 63 "-" "PostmanRuntime/7.29.2"

info: ::1 - - [13/Nov/2022:15:26:40 +0000] "POST /api/v1/users/logins HTTP/1.1" 200 63 "-" "PostmanRuntime/7.29.2"

info: ::1 - - [13/Nov/2022:15:26:42 +0000] "POST /api/v1/users/logins HTTP/1.1" 200 63 "-" "PostmanRuntime/7.29.2"

info: ::1 - - [13/Nov/2022:15:27:21 +0000] "POST /api/v1/users/logins HTTP/1.1" 200 63 "-" "PostmanRuntime/7.29.2"

info: ::1 - - [13/Nov/2022:15:27:23 +0000] "POST /api/v1/users/logins HTTP/1.1" 200 63 "-" "PostmanRuntime/7.29.2"

info: ::1 - - [13/Nov/2022:15:27:28 +0000] "POST /api/v1/users/logins HTTP/1.1" 200 63 "-" "PostmanRuntime/7.29.2"

info: ::1 - - [13/Nov/2022:15:27:30 +0000] "POST /api/v1/users/logins HTTP/1.1" 200 63 "-" "PostmanRuntime/7.29.2"

info: ::1 - - [13/Nov/2022:15:27:43 +0000] "POST /api/v1/users/logins HTTP/1.1" 200 63 "-" "PostmanRuntime/7.29.2"

info: ::1 - - [13/Nov/2022:15:27:46 +0000] "POST /api/v1/users/logins HTTP/1.1" 200 63 "-" "PostmanRuntime/7.29.2"

info: ::1 - - [13/Nov/2022:15:28:14 +0000] "POST /api/v1/users/logins HTTP/1.1" 200 304 "-" "PostmanRuntime/7.29.2"

info: ::1 - - [13/Nov/2022:15:28:21 +0000] "POST /api/v1/users/logins HTTP/1.1" 500 91 "-" "PostmanRuntime/7.29.2"

info: ::1 - - [13/Nov/2022:15:29:31 +0000] "POST /api/v1/users/logins HTTP/1.1" 200 304 "-" "PostmanRuntime/7.29.2"

info: ::1 - - [13/Nov/2022:15:29:44 +0000] "POST /api/v1/users/logins HTTP/1.1" 200 66 "-" "PostmanRuntime/7.29.2"

info: ::1 - - [13/Nov/2022:15:29:52 +0000] "POST /api/v1/users/logins HTTP/1.1" 500 91 "-" "PostmanRuntime/7.29.2"

info: ::1 - - [13/Nov/2022:15:29:58 +0000] "POST /api/v1/users/logins HTTP/1.1" 200 304 "-" "PostmanRuntime/7.29.2"

info: ::1 - - [13/Nov/2022:15:30:42 +0000] "POST /api/v1/users/logins HTTP/1.1" 200 304 "-" "PostmanRuntime/7.29.2"

info: ::1 - - [13/Nov/2022:15:30:47 +0000] "POST /api/v1/users/logins HTTP/1.1" 500 91 "-" "PostmanRuntime/7.29.2"

info: ::1 - - [13/Nov/2022:15:30:49 +0000] "POST /api/v1/users/logins HTTP/1.1" 500 91 "-" "PostmanRuntime/7.29.2"

info: ::1 - - [13/Nov/2022:15:36:26 +0000] "POST /api/v1/users/logins HTTP/1.1" 200 63 "-" "PostmanRuntime/7.29.2"

info: ::1 - - [13/Nov/2022:15:36:31 +0000] "POST /api/v1/users/logins HTTP/1.1" 200 304 "-" "PostmanRuntime/7.29.2"

info: ::1 - - [13/Nov/2022:15:36:35 +0000] "POST /api/v1/users/logins HTTP/1.1" 200 66 "-" "PostmanRuntime/7.29.2"

info: ::1 - - [13/Nov/2022:15:41:49 +0000] "POST /api/v1/users/logins HTTP/1.1" 200 325 "-" "PostmanRuntime/7.29.2"

info: ::1 - - [13/Nov/2022:15:42:01 +0000] "POST /api/v1/users/logins HTTP/1.1" 200 325 "-" "PostmanRuntime/7.29.2"

info: ::1 - - [13/Nov/2022:15:42:02 +0000] "POST /api/v1/users/logins HTTP/1.1" 200 325 "-" "PostmanRuntime/7.29.2"

info: ::1 - - [13/Nov/2022:15:42:15 +0000] "POST /api/v1/users/logins HTTP/1.1" 200 318 "-" "PostmanRuntime/7.29.2"

info: ::1 - - [13/Nov/2022:15:42:41 +0000] "POST /api/v1/users/logins HTTP/1.1" 200 325 "-" "PostmanRuntime/7.29.2"

info: ::1 - - [13/Nov/2022:15:44:27 +0000] "POST /api/v1/users/logins HTTP/1.1" 200 61 "-" "PostmanRuntime/7.29.2"

info: ::1 - - [13/Nov/2022:15:44:56 +0000] "POST /api/v1/users/logins HTTP/1.1" 200 318 "-" "PostmanRuntime/7.29.2"

info: ::1 - - [13/Nov/2022:15:45:39 +0000] "POST /api/v1/users/logins HTTP/1.1" 200 58 "-" "PostmanRuntime/7.29.2"

info: ::1 - - [13/Nov/2022:15:45:50 +0000] "POST /api/v1/users/logins HTTP/1.1" 200 318 "-" "PostmanRuntime/7.29.2"

info: ::1 - - [13/Nov/2022:16:12:19 +0000] "POST /api/v1/users/logins HTTP/1.1" 200 318 "-" "PostmanRuntime/7.29.2"

info: ::1 - - [13/Nov/2022:16:12:29 +0000] "POST /api/v1/users/logins HTTP/1.1" 200 318 "-" "PostmanRuntime/7.29.2"

