info: ::1 - - [15/Nov/2022:02:57:38 +0000] "GET /api/v1/users HTTP/1.1" 200 1497 "-" "PostmanRuntime/7.29.2"

info: ::1 - - [15/Nov/2022:02:58:17 +0000] "POST /api/v1/users/logins HTTP/1.1" 200 227 "-" "PostmanRuntime/7.29.2"

info: ::1 - - [15/Nov/2022:02:58:58 +0000] "POST /api/v1/users/logins HTTP/1.1" 200 227 "-" "PostmanRuntime/7.29.2"

info: ::1 - - [15/Nov/2022:03:11:26 +0000] "POST /api/v1/notes/addnote HTTP/1.1" 500 62 "-" "PostmanRuntime/7.29.2"

info: ::1 - - [15/Nov/2022:03:11:40 +0000] "POST /api/v1/notes/addnote HTTP/1.1" 201 248 "-" "PostmanRuntime/7.29.2"

info: ::1 - - [15/Nov/2022:03:15:10 +0000] "POST /api/v1/notes/addnote HTTP/1.1" 201 245 "-" "PostmanRuntime/7.29.2"

info: ::1 - - [15/Nov/2022:03:18:24 +0000] "POST /api/v1/notes/addnote HTTP/1.1" 201 254 "-" "PostmanRuntime/7.29.2"

info: ::1 - - [15/Nov/2022:03:19:20 +0000] "POST /api/v1/notes/addnote HTTP/1.1" 201 254 "-" "PostmanRuntime/7.29.2"

info: ::1 - - [15/Nov/2022:03:19:45 +0000] "POST /api/v1/notes/addnote HTTP/1.1" 201 254 "-" "PostmanRuntime/7.29.2"

info: ::1 - - [15/Nov/2022:03:50:23 +0000] "POST /api/v1/notes HTTP/1.1" 500 60 "-" "PostmanRuntime/7.29.2"

info: ::1 - - [15/Nov/2022:03:50:33 +0000] "POST /api/v1/notes HTTP/1.1" 201 254 "-" "PostmanRuntime/7.29.2"

info: ::1 - - [15/Nov/2022:04:32:11 +0000] "GET /api/v1/users HTTP/1.1" 200 1497 "-" "PostmanRuntime/7.29.2"

info: ::1 - - [15/Nov/2022:04:33:11 +0000] "POST /api/v1/users/logins HTTP/1.1" 200 227 "-" "PostmanRuntime/7.29.2"

info: ::1 - - [15/Nov/2022:05:00:12 +0000] "POST /api/v1/notes HTTP/1.1" 201 275 "-" "PostmanRuntime/7.29.2"

info: ::1 - - [15/Nov/2022:05:09:40 +0000] "GET /api/v1/notes HTTP/1.1" 200 282 "-" "PostmanRuntime/7.29.2"

info: ::1 - - [15/Nov/2022:05:10:50 +0000] "GET /api/v1/notes HTTP/1.1" 200 282 "-" "PostmanRuntime/7.29.2"

info: ::1 - - [15/Nov/2022:05:10:59 +0000] "POST /api/v1/notes HTTP/1.1" 201 278 "-" "PostmanRuntime/7.29.2"

info: ::1 - - [15/Nov/2022:05:11:04 +0000] "GET /api/v1/notes HTTP/1.1" 200 503 "-" "PostmanRuntime/7.29.2"

info: ::1 - - [15/Nov/2022:05:27:03 +0000] "GET /api/v1/notes HTTP/1.1" 200 503 "-" "PostmanRuntime/7.29.2"

info: ::1 - - [15/Nov/2022:05:37:26 +0000] "GET /api/v1/notes HTTP/1.1" 200 503 "-" "PostmanRuntime/7.29.2"

info: ::1 - - [15/Nov/2022:05:37:36 +0000] "GET /api/v1/notes/63731cdba61e3b382c9ba94c HTTP/1.1" 200 275 "-" "PostmanRuntime/7.29.2"

info: ::1 - - [15/Nov/2022:05:55:27 +0000] "PUT /api/v1/notes/63731cdba61e3b382c9ba94c HTTP/1.1" 404 47 "-" "PostmanRuntime/7.29.2"

info: ::1 - - [15/Nov/2022:05:55:28 +0000] "PUT /api/v1/notes/63731cdba61e3b382c9ba94c HTTP/1.1" 404 47 "-" "PostmanRuntime/7.29.2"

info: ::1 - - [15/Nov/2022:05:55:49 +0000] "PUT /api/v1/notes/63731cdba61e3b382c9ba94c HTTP/1.1" 202 278 "-" "PostmanRuntime/7.29.2"

info: ::1 - - [15/Nov/2022:05:55:57 +0000] "PUT /api/v1/notes/63731cdba61e3b382c9ba94c HTTP/1.1" 202 279 "-" "PostmanRuntime/7.29.2"

