info: ::1 - - [23/Nov/2022:03:43:48 +0000] "POST /api/v1/users/logins HTTP/1.1" 500 58 "-" "PostmanRuntime/7.29.2"

info: ::1 - - [23/Nov/2022:03:43:55 +0000] "POST /api/v1/users/logins HTTP/1.1" 500 58 "-" "PostmanRuntime/7.29.2"

info: ::1 - - [23/Nov/2022:03:44:12 +0000] "GET /api/v1/users HTTP/1.1" 200 65 "-" "PostmanRuntime/7.29.2"

info: ::1 - - [23/Nov/2022:06:24:57 +0000] "POST /api/v1/users/register HTTP/1.1" 201 329 "-" "PostmanRuntime/7.29.2"

info: ::1 - - [23/Nov/2022:06:25:23 +0000] "POST /api/v1/users/logins HTTP/1.1" 200 246 "-" "PostmanRuntime/7.29.2"

info: ::1 - - [23/Nov/2022:06:25:59 +0000] "GET /api/v1/notes HTTP/1.1" 200 65 "-" "PostmanRuntime/7.29.2"

info: ::1 - - [23/Nov/2022:06:27:06 +0000] "POST /api/v1/users/forgotpwd HTTP/1.1" 500 58 "-" "PostmanRuntime/7.29.2"

info: ::1 - - [23/Nov/2022:06:27:17 +0000] "POST /api/v1/users/forgotpwd HTTP/1.1" 500 58 "-" "PostmanRuntime/7.29.2"

info: ::1 - - [23/Nov/2022:06:28:56 +0000] "POST /api/v1/users/forgotpwd HTTP/1.1" 500 58 "-" "PostmanRuntime/7.29.2"

info: ::1 - - [23/Nov/2022:06:29:44 +0000] "POST /api/v1/users/forgotpwd HTTP/1.1" 500 58 "-" "PostmanRuntime/7.29.2"

info: ::1 - - [23/Nov/2022:06:30:51 +0000] "GET /api/v1/users HTTP/1.1" 200 336 "-" "PostmanRuntime/7.29.2"

info: ::1 - - [23/Nov/2022:06:31:21 +0000] "POST /api/v1/users/forgotpwd HTTP/1.1" 500 58 "-" "PostmanRuntime/7.29.2"

info: ::1 - - [23/Nov/2022:06:32:04 +0000] "POST /api/v1/users/forgotpwd HTTP/1.1" 500 58 "-" "PostmanRuntime/7.29.2"

info: ::1 - - [23/Nov/2022:06:32:06 +0000] "POST /api/v1/users/forgotpwd HTTP/1.1" 500 58 "-" "PostmanRuntime/7.29.2"

info: ::1 - - [23/Nov/2022:06:33:08 +0000] "POST /api/v1/users/register HTTP/1.1" 201 326 "-" "PostmanRuntime/7.29.2"

info: ::1 - - [23/Nov/2022:06:33:46 +0000] "POST /api/v1/users/forgotpwd HTTP/1.1" 500 58 "-" "PostmanRuntime/7.29.2"

info: ::1 - - [23/Nov/2022:06:35:02 +0000] "POST /api/v1/users/forgotpwd HTTP/1.1" 500 84 "-" "PostmanRuntime/7.29.2"

info: ::1 - - [23/Nov/2022:06:35:15 +0000] "POST /api/v1/users/forgotpwd HTTP/1.1" 500 84 "-" "PostmanRuntime/7.29.2"

info: ::1 - - [23/Nov/2022:06:35:27 +0000] "GET /api/v1/users HTTP/1.1" 200 605 "-" "PostmanRuntime/7.29.2"

info: ::1 - - [23/Nov/2022:06:37:49 +0000] "POST /api/v1/users/register HTTP/1.1" 201 333 "-" "PostmanRuntime/7.29.2"

info: ::1 - - [23/Nov/2022:06:38:33 +0000] "POST /api/v1/users/forgotpwd HTTP/1.1" 500 84 "-" "PostmanRuntime/7.29.2"

info: ::1 - - [23/Nov/2022:06:38:35 +0000] "POST /api/v1/users/forgotpwd HTTP/1.1" 500 84 "-" "PostmanRuntime/7.29.2"

info: ::1 - - [23/Nov/2022:06:40:16 +0000] "POST /api/v1/users/forgotpwd HTTP/1.1" 500 58 "-" "PostmanRuntime/7.29.2"

info: ::1 - - [23/Nov/2022:06:40:50 +0000] "POST /api/v1/users/forgotpwd HTTP/1.1" 500 58 "-" "PostmanRuntime/7.29.2"

info: ::1 - - [23/Nov/2022:06:40:52 +0000] "POST /api/v1/users/forgotpwd HTTP/1.1" 500 58 "-" "PostmanRuntime/7.29.2"

info: ::1 - - [23/Nov/2022:06:43:30 +0000] "POST /api/v1/users/forgotpwd HTTP/1.1" 500 58 "-" "PostmanRuntime/7.29.2"

info: ::1 - - [23/Nov/2022:06:43:33 +0000] "POST /api/v1/users/forgotpwd HTTP/1.1" 500 58 "-" "PostmanRuntime/7.29.2"

info: ::1 - - [23/Nov/2022:06:43:35 +0000] "POST /api/v1/users/forgotpwd HTTP/1.1" 500 58 "-" "PostmanRuntime/7.29.2"

info: ::1 - - [23/Nov/2022:06:46:16 +0000] "POST /api/v1/users/forgotpwd HTTP/1.1" 500 84 "-" "PostmanRuntime/7.29.2"

info: ::1 - - [23/Nov/2022:06:48:41 +0000] "POST /api/v1/users/forgotpwd HTTP/1.1" 500 55 "-" "PostmanRuntime/7.29.2"

info: ::1 - - [23/Nov/2022:06:48:45 +0000] "POST /api/v1/users/forgotpwd HTTP/1.1" 500 55 "-" "PostmanRuntime/7.29.2"

info: ::1 - - [23/Nov/2022:06:49:39 +0000] "POST /api/v1/users/forgotpwd HTTP/1.1" 500 88 "-" "PostmanRuntime/7.29.2"

info: ::1 - - [23/Nov/2022:06:50:21 +0000] "POST /api/v1/users/forgotpwd HTTP/1.1" 500 88 "-" "PostmanRuntime/7.29.2"

info: ::1 - - [23/Nov/2022:06:50:50 +0000] "POST /api/v1/users/forgotpwd HTTP/1.1" 500 88 "-" "PostmanRuntime/7.29.2"

info: ::1 - - [23/Nov/2022:06:50:52 +0000] "POST /api/v1/users/forgotpwd HTTP/1.1" 500 88 "-" "PostmanRuntime/7.29.2"

info: ::1 - - [23/Nov/2022:06:50:53 +0000] "POST /api/v1/users/forgotpwd HTTP/1.1" 500 88 "-" "PostmanRuntime/7.29.2"

info: ::1 - - [23/Nov/2022:06:52:51 +0000] "POST /api/v1/users/forgotpwd HTTP/1.1" 500 88 "-" "PostmanRuntime/7.29.2"

info: ::1 - - [23/Nov/2022:06:53:29 +0000] "POST /api/v1/users/forgotpwd HTTP/1.1" 500 84 "-" "PostmanRuntime/7.29.2"

info: ::1 - - [23/Nov/2022:06:53:32 +0000] "POST /api/v1/users/forgotpwd HTTP/1.1" 500 84 "-" "PostmanRuntime/7.29.2"

info: ::1 - - [23/Nov/2022:06:54:41 +0000] "POST /api/v1/users/forgotpwd HTTP/1.1" 500 58 "-" "PostmanRuntime/7.29.2"

info: ::1 - - [23/Nov/2022:06:54:44 +0000] "POST /api/v1/users/forgotpwd HTTP/1.1" 500 58 "-" "PostmanRuntime/7.29.2"

info: ::1 - - [23/Nov/2022:06:55:46 +0000] "GET /api/v1/users HTTP/1.1" 200 881 "-" "PostmanRuntime/7.29.2"

info: ::1 - - [23/Nov/2022:06:56:54 +0000] "POST /api/v1/users/forgotpwd HTTP/1.1" 500 58 "-" "PostmanRuntime/7.29.2"

info: ::1 - - [23/Nov/2022:06:57:39 +0000] "POST /api/v1/users/forgotpwd HTTP/1.1" 500 84 "-" "PostmanRuntime/7.29.2"

info: ::1 - - [23/Nov/2022:06:58:49 +0000] "POST /api/v1/users/forgotpwd HTTP/1.1" 500 84 "-" "PostmanRuntime/7.29.2"

info: ::1 - - [23/Nov/2022:06:58:52 +0000] "POST /api/v1/users/forgotpwd HTTP/1.1" 500 84 "-" "PostmanRuntime/7.29.2"

info: ::1 - - [23/Nov/2022:07:00:43 +0000] "POST /api/v1/users/forgotpwd HTTP/1.1" 500 88 "-" "PostmanRuntime/7.29.2"

info: ::1 - - [23/Nov/2022:07:01:08 +0000] "POST /api/v1/users/forgotpwd HTTP/1.1" 202 286 "-" "PostmanRuntime/7.29.2"

info: ::1 - - [23/Nov/2022:07:03:47 +0000] "POST /api/v1/users/forgotpwd HTTP/1.1" 202 286 "-" "PostmanRuntime/7.29.2"

info: ::1 - - [23/Nov/2022:07:03:51 +0000] "POST /api/v1/users/forgotpwd HTTP/1.1" 202 286 "-" "PostmanRuntime/7.29.2"

info: ::1 - - [23/Nov/2022:07:03:53 +0000] "POST /api/v1/users/forgotpwd HTTP/1.1" 202 286 "-" "PostmanRuntime/7.29.2"

info: ::1 - - [23/Nov/2022:07:07:35 +0000] "POST /api/v1/users/forgotpwd HTTP/1.1" 202 281 "-" "PostmanRuntime/7.29.2"

info: ::1 - - [23/Nov/2022:07:08:55 +0000] "POST /api/v1/users/forgotpwd HTTP/1.1" 202 641 "-" "PostmanRuntime/7.29.2"

