info: Server started at http://localhost:3000/api/v1/ {"timestamp":"2022-11-14T02:51:22.965Z"}
info: Connected to the database. {"timestamp":"2022-11-14T02:51:23.000Z"}
info: Server started at http://localhost:3000/api/v1/ {"timestamp":"2022-11-14T08:45:51.590Z"}
info: Connected to the database. {"timestamp":"2022-11-14T08:45:52.133Z"}
error: 
    status - 500 
    message - Error: Login Successsfully
    at _callee3$ (E:\express\fundo-notes-project\src\services\/user.service.js:30:13)
    at tryCatch (E:\express\fundo-notes-project\node_modules\@babel\runtime\helpers\regeneratorRuntime.js:44:17)
    at Generator.<anonymous> (E:\express\fundo-notes-project\node_modules\@babel\runtime\helpers\regeneratorRuntime.js:125:22)
    at Generator.next (E:\express\fundo-notes-project\node_modules\@babel\runtime\helpers\regeneratorRuntime.js:69:21)
    at asyncGeneratorStep (E:\express\fundo-notes-project\node_modules\@babel\runtime\helpers\asyncToGenerator.js:3:24)
    at _next (E:\express\fundo-notes-project\node_modules\@babel\runtime\helpers\asyncToGenerator.js:22:9) 
    url - /api/v1/users/logins 
    method - POST 
    IP - ::1
   {"timestamp":"2022-11-14T08:46:05.472Z"}
error: 
    status - 500 
    message - Error: Login Successsfully
    at _callee3$ (E:\express\fundo-notes-project\src\services\/user.service.js:30:13)
    at tryCatch (E:\express\fundo-notes-project\node_modules\@babel\runtime\helpers\regeneratorRuntime.js:44:17)
    at Generator.<anonymous> (E:\express\fundo-notes-project\node_modules\@babel\runtime\helpers\regeneratorRuntime.js:125:22)
    at Generator.next (E:\express\fundo-notes-project\node_modules\@babel\runtime\helpers\regeneratorRuntime.js:69:21)
    at asyncGeneratorStep (E:\express\fundo-notes-project\node_modules\@babel\runtime\helpers\asyncToGenerator.js:3:24)
    at _next (E:\express\fundo-notes-project\node_modules\@babel\runtime\helpers\asyncToGenerator.js:22:9) 
    url - /api/v1/users/logins 
    method - POST 
    IP - ::1
   {"timestamp":"2022-11-14T08:46:08.778Z"}
error: 
    status - 500 
    message - Error: Login Successsfully
    at _callee3$ (E:\express\fundo-notes-project\src\services\/user.service.js:30:13)
    at tryCatch (E:\express\fundo-notes-project\node_modules\@babel\runtime\helpers\regeneratorRuntime.js:44:17)
    at Generator.<anonymous> (E:\express\fundo-notes-project\node_modules\@babel\runtime\helpers\regeneratorRuntime.js:125:22)
    at Generator.next (E:\express\fundo-notes-project\node_modules\@babel\runtime\helpers\regeneratorRuntime.js:69:21)
    at asyncGeneratorStep (E:\express\fundo-notes-project\node_modules\@babel\runtime\helpers\asyncToGenerator.js:3:24)
    at _next (E:\express\fundo-notes-project\node_modules\@babel\runtime\helpers\asyncToGenerator.js:22:9) 
    url - /api/v1/users/logins 
    method - POST 
    IP - ::1
   {"timestamp":"2022-11-14T08:46:11.962Z"}
info: Server started at http://localhost:3000/api/v1/ {"timestamp":"2022-11-14T08:47:26.945Z"}
info: Connected to the database. {"timestamp":"2022-11-14T08:47:27.004Z"}
error: 
    status - 500 
    message - Error: Login Successsfully
    at _callee3$ (E:\express\fundo-notes-project\src\services\/user.service.js:30:13)
    at tryCatch (E:\express\fundo-notes-project\node_modules\@babel\runtime\helpers\regeneratorRuntime.js:44:17)
    at Generator.<anonymous> (E:\express\fundo-notes-project\node_modules\@babel\runtime\helpers\regeneratorRuntime.js:125:22)
    at Generator.next (E:\express\fundo-notes-project\node_modules\@babel\runtime\helpers\regeneratorRuntime.js:69:21)
    at asyncGeneratorStep (E:\express\fundo-notes-project\node_modules\@babel\runtime\helpers\asyncToGenerator.js:3:24)
    at _next (E:\express\fundo-notes-project\node_modules\@babel\runtime\helpers\asyncToGenerator.js:22:9) 
    url - /api/v1/users/logins 
    method - POST 
    IP - ::1
   {"timestamp":"2022-11-14T08:47:38.126Z"}
info: Server started at http://localhost:3000/api/v1/ {"timestamp":"2022-11-14T08:48:27.244Z"}
info: Connected to the database. {"timestamp":"2022-11-14T08:48:27.290Z"}
info: Server started at http://localhost:3000/api/v1/ {"timestamp":"2022-11-14T08:49:39.236Z"}
info: Connected to the database. {"timestamp":"2022-11-14T08:49:39.297Z"}
error: 
    status - 500 
    message - Error: Password Is incorrect.....
    at _callee3$ (E:\express\fundo-notes-project\src\services\/user.service.js:32:13)
    at tryCatch (E:\express\fundo-notes-project\node_modules\@babel\runtime\helpers\regeneratorRuntime.js:44:17)
    at Generator.<anonymous> (E:\express\fundo-notes-project\node_modules\@babel\runtime\helpers\regeneratorRuntime.js:125:22)
    at Generator.next (E:\express\fundo-notes-project\node_modules\@babel\runtime\helpers\regeneratorRuntime.js:69:21)
    at asyncGeneratorStep (E:\express\fundo-notes-project\node_modules\@babel\runtime\helpers\asyncToGenerator.js:3:24)
    at _next (E:\express\fundo-notes-project\node_modules\@babel\runtime\helpers\asyncToGenerator.js:22:9) 
    url - /api/v1/users/logins 
    method - POST 
    IP - ::1
   {"timestamp":"2022-11-14T08:49:54.722Z"}
error: 
    status - 500 
    message - Error: Email Is incorrect.....
    at _callee3$ (E:\express\fundo-notes-project\src\services\/user.service.js:37:11)
    at tryCatch (E:\express\fundo-notes-project\node_modules\@babel\runtime\helpers\regeneratorRuntime.js:44:17)
    at Generator.<anonymous> (E:\express\fundo-notes-project\node_modules\@babel\runtime\helpers\regeneratorRuntime.js:125:22)
    at Generator.next (E:\express\fundo-notes-project\node_modules\@babel\runtime\helpers\regeneratorRuntime.js:69:21)
    at asyncGeneratorStep (E:\express\fundo-notes-project\node_modules\@babel\runtime\helpers\asyncToGenerator.js:3:24)
    at _next (E:\express\fundo-notes-project\node_modules\@babel\runtime\helpers\asyncToGenerator.js:22:9)
    at processTicksAndRejections (node:internal/process/task_queues:96:5) 
    url - /api/v1/users/logins 
    method - POST 
    IP - ::1
   {"timestamp":"2022-11-14T08:50:05.020Z"}
info: Server started at http://localhost:3000/api/v1/ {"timestamp":"2022-11-14T09:09:10.024Z"}
info: Connected to the database. {"timestamp":"2022-11-14T09:09:10.072Z"}
info: Server started at http://localhost:3000/api/v1/ {"timestamp":"2022-11-14T09:13:36.100Z"}
info: Connected to the database. {"timestamp":"2022-11-14T09:13:36.151Z"}
info: Server started at http://localhost:3000/api/v1/ {"timestamp":"2022-11-14T09:14:05.982Z"}
info: Connected to the database. {"timestamp":"2022-11-14T09:14:06.027Z"}
info: Server started at http://localhost:3000/api/v1/ {"timestamp":"2022-11-14T09:14:51.009Z"}
info: Connected to the database. {"timestamp":"2022-11-14T09:14:51.065Z"}
info: Server started at http://localhost:3000/api/v1/ {"timestamp":"2022-11-14T09:16:32.613Z"}
info: Connected to the database. {"timestamp":"2022-11-14T09:16:32.682Z"}
info: Server started at http://localhost:3000/api/v1/ {"timestamp":"2022-11-14T09:19:01.798Z"}
info: Connected to the database. {"timestamp":"2022-11-14T09:19:01.874Z"}
info: Server started at http://localhost:3000/api/v1/ {"timestamp":"2022-11-14T09:32:28.734Z"}
info: Connected to the database. {"timestamp":"2022-11-14T09:32:28.803Z"}
info: Server started at http://localhost:3000/api/v1/ {"timestamp":"2022-11-14T09:33:01.444Z"}
info: Connected to the database. {"timestamp":"2022-11-14T09:33:01.492Z"}
info: Server started at http://localhost:3000/api/v1/ {"timestamp":"2022-11-14T09:34:40.180Z"}
info: Connected to the database. {"timestamp":"2022-11-14T09:34:40.238Z"}
info: Server started at http://localhost:3000/api/v1/ {"timestamp":"2022-11-14T09:35:10.237Z"}
info: Connected to the database. {"timestamp":"2022-11-14T09:35:10.295Z"}
info: Server started at http://localhost:3000/api/v1/ {"timestamp":"2022-11-14T09:38:09.524Z"}
info: Connected to the database. {"timestamp":"2022-11-14T09:38:09.585Z"}
info: Server started at http://localhost:3000/api/v1/ {"timestamp":"2022-11-14T09:38:19.764Z"}
info: Connected to the database. {"timestamp":"2022-11-14T09:38:19.815Z"}
info: Server started at http://localhost:3000/api/v1/ {"timestamp":"2022-11-14T09:41:02.321Z"}
info: Connected to the database. {"timestamp":"2022-11-14T09:41:02.375Z"}
info: Server started at http://localhost:3000/api/v1/ {"timestamp":"2022-11-14T09:57:59.239Z"}
info: Connected to the database. {"timestamp":"2022-11-14T09:57:59.262Z"}
info: Server started at http://localhost:3000/api/v1/ {"timestamp":"2022-11-14T10:01:06.536Z"}
info: Connected to the database. {"timestamp":"2022-11-14T10:01:06.564Z"}
info: Server started at http://localhost:3000/api/v1/ {"timestamp":"2022-11-14T10:01:49.911Z"}
info: Connected to the database. {"timestamp":"2022-11-14T10:01:49.949Z"}
info: Server started at http://localhost:3000/api/v1/ {"timestamp":"2022-11-14T10:11:03.291Z"}
info: Connected to the database. {"timestamp":"2022-11-14T10:11:03.313Z"}
info: Server started at http://localhost:3000/api/v1/ {"timestamp":"2022-11-14T10:13:48.370Z"}
info: Connected to the database. {"timestamp":"2022-11-14T10:13:48.451Z"}
info: Server started at http://localhost:3000/api/v1/ {"timestamp":"2022-11-14T10:15:15.558Z"}
info: Connected to the database. {"timestamp":"2022-11-14T10:15:15.586Z"}
info: Server started at http://localhost:3000/api/v1/ {"timestamp":"2022-11-14T10:16:51.072Z"}
info: Connected to the database. {"timestamp":"2022-11-14T10:16:51.096Z"}
error: 
    status - 500 
    message - TypeError: UserService.addNote is not a function
    at _callee$ (E:\express\fundo-notes-project\src\controllers\/notes.controller.js:12:40)
    at tryCatch (E:\express\fundo-notes-project\node_modules\@babel\runtime\helpers\regeneratorRuntime.js:44:17)
    at Generator.<anonymous> (E:\express\fundo-notes-project\node_modules\@babel\runtime\helpers\regeneratorRuntime.js:125:22)
    at Generator.next (E:\express\fundo-notes-project\node_modules\@babel\runtime\helpers\regeneratorRuntime.js:69:21)
    at asyncGeneratorStep (E:\express\fundo-notes-project\node_modules\@babel\runtime\helpers\asyncToGenerator.js:3:24)
    at _next (E:\express\fundo-notes-project\node_modules\@babel\runtime\helpers\asyncToGenerator.js:22:9)
    at E:\express\fundo-notes-project\node_modules\@babel\runtime\helpers\asyncToGenerator.js:27:7
    at new Promise (<anonymous>)
    at E:\express\fundo-notes-project\node_modules\@babel\runtime\helpers\asyncToGenerator.js:19:12
    at addNote (E:\express\fundo-notes-project\src\controllers\/notes.controller.js:10:21)
    at Layer.handle [as handle_request] (E:\express\fundo-notes-project\node_modules\express\lib\router\layer.js:95:5)
    at next (E:\express\fundo-notes-project\node_modules\express\lib\router\route.js:144:13)
    at newNotesValidator (E:\express\fundo-notes-project\src\validators\/notes.validator.js:14:9)
    at Layer.handle [as handle_request] (E:\express\fundo-notes-project\node_modules\express\lib\router\layer.js:95:5)
    at next (E:\express\fundo-notes-project\node_modules\express\lib\router\route.js:144:13)
    at Route.dispatch (E:\express\fundo-notes-project\node_modules\express\lib\router\route.js:114:3) 
    url - /api/v1/users/addnote 
    method - POST 
    IP - ::1
   {"timestamp":"2022-11-14T10:17:16.932Z"}
info: Server started at http://localhost:3000/api/v1/ {"timestamp":"2022-11-14T10:19:51.357Z"}
info: Connected to the database. {"timestamp":"2022-11-14T10:19:51.391Z"}
info: Server started at http://localhost:3000/api/v1/ {"timestamp":"2022-11-14T10:24:45.094Z"}
info: Connected to the database. {"timestamp":"2022-11-14T10:24:45.140Z"}
error: 
    status - 500 
    message - TypeError: secret must be a string or bufferor a KeyObject
    at typeError (E:\express\fundo-notes-project\node_modules\jwa\index.js:115:10)
    at checkIsSecretKey (E:\express\fundo-notes-project\node_modules\jwa\index.js:82:11)
    at Object.sign (E:\express\fundo-notes-project\node_modules\jwa\index.js:130:5)
    at Object.jwsSign [as sign] (E:\express\fundo-notes-project\node_modules\jws\lib\sign-stream.js:32:24)
    at Object.sign (E:\express\fundo-notes-project\node_modules\jsonwebtoken\sign.js:204:16)
    at _callee3$ (E:\express\fundo-notes-project\src\services\/user.service.js:30:23)
    at tryCatch (E:\express\fundo-notes-project\node_modules\@babel\runtime\helpers\regeneratorRuntime.js:44:17)
    at Generator.<anonymous> (E:\express\fundo-notes-project\node_modules\@babel\runtime\helpers\regeneratorRuntime.js:125:22)
    at Generator.next (E:\express\fundo-notes-project\node_modules\@babel\runtime\helpers\regeneratorRuntime.js:69:21)
    at asyncGeneratorStep (E:\express\fundo-notes-project\node_modules\@babel\runtime\helpers\asyncToGenerator.js:3:24)
    at _next (E:\express\fundo-notes-project\node_modules\@babel\runtime\helpers\asyncToGenerator.js:22:9) 
    url - /api/v1/users/logins 
    method - POST 
    IP - ::1
   {"timestamp":"2022-11-14T10:27:20.911Z"}
error: 
    status - 500 
    message - TypeError: secret must be a string or bufferor a KeyObject
    at typeError (E:\express\fundo-notes-project\node_modules\jwa\index.js:115:10)
    at checkIsSecretKey (E:\express\fundo-notes-project\node_modules\jwa\index.js:82:11)
    at Object.sign (E:\express\fundo-notes-project\node_modules\jwa\index.js:130:5)
    at Object.jwsSign [as sign] (E:\express\fundo-notes-project\node_modules\jws\lib\sign-stream.js:32:24)
    at Object.sign (E:\express\fundo-notes-project\node_modules\jsonwebtoken\sign.js:204:16)
    at _callee3$ (E:\express\fundo-notes-project\src\services\/user.service.js:30:23)
    at tryCatch (E:\express\fundo-notes-project\node_modules\@babel\runtime\helpers\regeneratorRuntime.js:44:17)
    at Generator.<anonymous> (E:\express\fundo-notes-project\node_modules\@babel\runtime\helpers\regeneratorRuntime.js:125:22)
    at Generator.next (E:\express\fundo-notes-project\node_modules\@babel\runtime\helpers\regeneratorRuntime.js:69:21)
    at asyncGeneratorStep (E:\express\fundo-notes-project\node_modules\@babel\runtime\helpers\asyncToGenerator.js:3:24)
    at _next (E:\express\fundo-notes-project\node_modules\@babel\runtime\helpers\asyncToGenerator.js:22:9) 
    url - /api/v1/users/logins 
    method - POST 
    IP - ::1
   {"timestamp":"2022-11-14T10:27:27.789Z"}
info: Server started at http://localhost:3000/api/v1/ {"timestamp":"2022-11-14T10:27:56.136Z"}
info: Connected to the database. {"timestamp":"2022-11-14T10:27:56.166Z"}
error: 
    status - 500 
    message - TypeError: secret must be a string or bufferor a KeyObject
    at typeError (E:\express\fundo-notes-project\node_modules\jwa\index.js:115:10)
    at checkIsSecretKey (E:\express\fundo-notes-project\node_modules\jwa\index.js:82:11)
    at Object.sign (E:\express\fundo-notes-project\node_modules\jwa\index.js:130:5)
    at Object.jwsSign [as sign] (E:\express\fundo-notes-project\node_modules\jws\lib\sign-stream.js:32:24)
    at Object.sign (E:\express\fundo-notes-project\node_modules\jsonwebtoken\sign.js:204:16)
    at _callee3$ (E:\express\fundo-notes-project\src\services\/user.service.js:30:23)
    at tryCatch (E:\express\fundo-notes-project\node_modules\@babel\runtime\helpers\regeneratorRuntime.js:44:17)
    at Generator.<anonymous> (E:\express\fundo-notes-project\node_modules\@babel\runtime\helpers\regeneratorRuntime.js:125:22)
    at Generator.next (E:\express\fundo-notes-project\node_modules\@babel\runtime\helpers\regeneratorRuntime.js:69:21)
    at asyncGeneratorStep (E:\express\fundo-notes-project\node_modules\@babel\runtime\helpers\asyncToGenerator.js:3:24)
    at _next (E:\express\fundo-notes-project\node_modules\@babel\runtime\helpers\asyncToGenerator.js:22:9) 
    url - /api/v1/users/logins 
    method - POST 
    IP - ::1
   {"timestamp":"2022-11-14T10:28:04.500Z"}
info: Server started at http://localhost:3000/api/v1/ {"timestamp":"2022-11-14T10:28:56.044Z"}
info: Connected to the database. {"timestamp":"2022-11-14T10:28:56.069Z"}
error: 
    status - 500 
    message - TypeError: secret must be a string or bufferor a KeyObject
    at typeError (E:\express\fundo-notes-project\node_modules\jwa\index.js:115:10)
    at checkIsSecretKey (E:\express\fundo-notes-project\node_modules\jwa\index.js:82:11)
    at Object.sign (E:\express\fundo-notes-project\node_modules\jwa\index.js:130:5)
    at Object.jwsSign [as sign] (E:\express\fundo-notes-project\node_modules\jws\lib\sign-stream.js:32:24)
    at Object.sign (E:\express\fundo-notes-project\node_modules\jsonwebtoken\sign.js:204:16)
    at _callee3$ (E:\express\fundo-notes-project\src\services\/user.service.js:30:23)
    at tryCatch (E:\express\fundo-notes-project\node_modules\@babel\runtime\helpers\regeneratorRuntime.js:44:17)
    at Generator.<anonymous> (E:\express\fundo-notes-project\node_modules\@babel\runtime\helpers\regeneratorRuntime.js:125:22)
    at Generator.next (E:\express\fundo-notes-project\node_modules\@babel\runtime\helpers\regeneratorRuntime.js:69:21)
    at asyncGeneratorStep (E:\express\fundo-notes-project\node_modules\@babel\runtime\helpers\asyncToGenerator.js:3:24)
    at _next (E:\express\fundo-notes-project\node_modules\@babel\runtime\helpers\asyncToGenerator.js:22:9) 
    url - /api/v1/users/logins 
    method - POST 
    IP - ::1
   {"timestamp":"2022-11-14T10:28:58.217Z"}
error: 
    status - 500 
    message - TypeError: secret must be a string or bufferor a KeyObject
    at typeError (E:\express\fundo-notes-project\node_modules\jwa\index.js:115:10)
    at checkIsSecretKey (E:\express\fundo-notes-project\node_modules\jwa\index.js:82:11)
    at Object.sign (E:\express\fundo-notes-project\node_modules\jwa\index.js:130:5)
    at Object.jwsSign [as sign] (E:\express\fundo-notes-project\node_modules\jws\lib\sign-stream.js:32:24)
    at Object.sign (E:\express\fundo-notes-project\node_modules\jsonwebtoken\sign.js:204:16)
    at _callee3$ (E:\express\fundo-notes-project\src\services\/user.service.js:30:23)
    at tryCatch (E:\express\fundo-notes-project\node_modules\@babel\runtime\helpers\regeneratorRuntime.js:44:17)
    at Generator.<anonymous> (E:\express\fundo-notes-project\node_modules\@babel\runtime\helpers\regeneratorRuntime.js:125:22)
    at Generator.next (E:\express\fundo-notes-project\node_modules\@babel\runtime\helpers\regeneratorRuntime.js:69:21)
    at asyncGeneratorStep (E:\express\fundo-notes-project\node_modules\@babel\runtime\helpers\asyncToGenerator.js:3:24)
    at _next (E:\express\fundo-notes-project\node_modules\@babel\runtime\helpers\asyncToGenerator.js:22:9) 
    url - /api/v1/users/logins 
    method - POST 
    IP - ::1
   {"timestamp":"2022-11-14T10:28:59.652Z"}
error: 
    status - 500 
    message - TypeError: secret must be a string or bufferor a KeyObject
    at typeError (E:\express\fundo-notes-project\node_modules\jwa\index.js:115:10)
    at checkIsSecretKey (E:\express\fundo-notes-project\node_modules\jwa\index.js:82:11)
    at Object.sign (E:\express\fundo-notes-project\node_modules\jwa\index.js:130:5)
    at Object.jwsSign [as sign] (E:\express\fundo-notes-project\node_modules\jws\lib\sign-stream.js:32:24)
    at Object.sign (E:\express\fundo-notes-project\node_modules\jsonwebtoken\sign.js:204:16)
    at _callee3$ (E:\express\fundo-notes-project\src\services\/user.service.js:30:23)
    at tryCatch (E:\express\fundo-notes-project\node_modules\@babel\runtime\helpers\regeneratorRuntime.js:44:17)
    at Generator.<anonymous> (E:\express\fundo-notes-project\node_modules\@babel\runtime\helpers\regeneratorRuntime.js:125:22)
    at Generator.next (E:\express\fundo-notes-project\node_modules\@babel\runtime\helpers\regeneratorRuntime.js:69:21)
    at asyncGeneratorStep (E:\express\fundo-notes-project\node_modules\@babel\runtime\helpers\asyncToGenerator.js:3:24)
    at _next (E:\express\fundo-notes-project\node_modules\@babel\runtime\helpers\asyncToGenerator.js:22:9) 
    url - /api/v1/users/logins 
    method - POST 
    IP - ::1
   {"timestamp":"2022-11-14T10:29:12.233Z"}
info: Server started at http://localhost:3000/api/v1/ {"timestamp":"2022-11-14T10:29:35.030Z"}
info: Connected to the database. {"timestamp":"2022-11-14T10:29:35.058Z"}
info: Server started at http://localhost:3000/api/v1/ {"timestamp":"2022-11-14T10:30:23.718Z"}
info: Connected to the database. {"timestamp":"2022-11-14T10:30:23.747Z"}
info: Server started at http://localhost:3000/api/v1/ {"timestamp":"2022-11-14T10:30:41.434Z"}
info: Connected to the database. {"timestamp":"2022-11-14T10:30:41.474Z"}
info: Server started at http://localhost:3000/api/v1/ {"timestamp":"2022-11-14T10:31:02.326Z"}
info: Connected to the database. {"timestamp":"2022-11-14T10:31:02.358Z"}
error: 
    status - 500 
    message - TypeError: secret must be a string or bufferor a KeyObject
    at typeError (E:\express\fundo-notes-project\node_modules\jwa\index.js:115:10)
    at checkIsSecretKey (E:\express\fundo-notes-project\node_modules\jwa\index.js:82:11)
    at Object.sign (E:\express\fundo-notes-project\node_modules\jwa\index.js:130:5)
    at Object.jwsSign [as sign] (E:\express\fundo-notes-project\node_modules\jws\lib\sign-stream.js:32:24)
    at Object.sign (E:\express\fundo-notes-project\node_modules\jsonwebtoken\sign.js:204:16)
    at _callee3$ (E:\express\fundo-notes-project\src\services\/user.service.js:30:23)
    at tryCatch (E:\express\fundo-notes-project\node_modules\@babel\runtime\helpers\regeneratorRuntime.js:44:17)
    at Generator.<anonymous> (E:\express\fundo-notes-project\node_modules\@babel\runtime\helpers\regeneratorRuntime.js:125:22)
    at Generator.next (E:\express\fundo-notes-project\node_modules\@babel\runtime\helpers\regeneratorRuntime.js:69:21)
    at asyncGeneratorStep (E:\express\fundo-notes-project\node_modules\@babel\runtime\helpers\asyncToGenerator.js:3:24)
    at _next (E:\express\fundo-notes-project\node_modules\@babel\runtime\helpers\asyncToGenerator.js:22:9) 
    url - /api/v1/users/logins 
    method - POST 
    IP - ::1
   {"timestamp":"2022-11-14T10:31:05.025Z"}
error: 
    status - 500 
    message - TypeError: secret must be a string or bufferor a KeyObject
    at typeError (E:\express\fundo-notes-project\node_modules\jwa\index.js:115:10)
    at checkIsSecretKey (E:\express\fundo-notes-project\node_modules\jwa\index.js:82:11)
    at Object.sign (E:\express\fundo-notes-project\node_modules\jwa\index.js:130:5)
    at Object.jwsSign [as sign] (E:\express\fundo-notes-project\node_modules\jws\lib\sign-stream.js:32:24)
    at Object.sign (E:\express\fundo-notes-project\node_modules\jsonwebtoken\sign.js:204:16)
    at _callee3$ (E:\express\fundo-notes-project\src\services\/user.service.js:30:23)
    at tryCatch (E:\express\fundo-notes-project\node_modules\@babel\runtime\helpers\regeneratorRuntime.js:44:17)
    at Generator.<anonymous> (E:\express\fundo-notes-project\node_modules\@babel\runtime\helpers\regeneratorRuntime.js:125:22)
    at Generator.next (E:\express\fundo-notes-project\node_modules\@babel\runtime\helpers\regeneratorRuntime.js:69:21)
    at asyncGeneratorStep (E:\express\fundo-notes-project\node_modules\@babel\runtime\helpers\asyncToGenerator.js:3:24)
    at _next (E:\express\fundo-notes-project\node_modules\@babel\runtime\helpers\asyncToGenerator.js:22:9) 
    url - /api/v1/users/logins 
    method - POST 
    IP - ::1
   {"timestamp":"2022-11-14T10:31:06.911Z"}
info: Server started at http://localhost:3000/api/v1/ {"timestamp":"2022-11-14T10:31:27.035Z"}
info: Connected to the database. {"timestamp":"2022-11-14T10:31:27.066Z"}
info: Server started at http://localhost:3000/api/v1/ {"timestamp":"2022-11-14T10:34:39.735Z"}
info: Connected to the database. {"timestamp":"2022-11-14T10:34:39.759Z"}
info: Server started at http://localhost:3000/api/v1/ {"timestamp":"2022-11-14T10:39:41.581Z"}
info: Connected to the database. {"timestamp":"2022-11-14T10:39:41.606Z"}
info: Server started at http://localhost:3000/api/v1/ {"timestamp":"2022-11-14T10:43:10.851Z"}
info: Connected to the database. {"timestamp":"2022-11-14T10:43:10.882Z"}
info: Server started at http://localhost:3000/api/v1/ {"timestamp":"2022-11-14T10:43:27.353Z"}
info: Connected to the database. {"timestamp":"2022-11-14T10:43:27.380Z"}
info: Server started at http://localhost:3000/api/v1/ {"timestamp":"2022-11-14T10:44:38.604Z"}
info: Connected to the database. {"timestamp":"2022-11-14T10:44:38.631Z"}
info: Server started at http://localhost:3000/api/v1/ {"timestamp":"2022-11-14T11:53:52.145Z"}
info: Connected to the database. {"timestamp":"2022-11-14T11:53:52.223Z"}
info: Server started at http://localhost:3000/api/v1/ {"timestamp":"2022-11-14T11:56:08.567Z"}
info: Connected to the database. {"timestamp":"2022-11-14T11:56:08.639Z"}
info: Server started at http://localhost:3000/api/v1/ {"timestamp":"2022-11-14T11:58:28.644Z"}
info: Connected to the database. {"timestamp":"2022-11-14T11:58:28.690Z"}
info: Server started at http://localhost:3000/api/v1/ {"timestamp":"2022-11-14T11:59:56.320Z"}
info: Connected to the database. {"timestamp":"2022-11-14T11:59:56.361Z"}
error: 
    status - 500 
    message - JsonWebTokenError: invalid signature
    at E:\express\fundo-notes-project\node_modules\jsonwebtoken\verify.js:133:19
    at getSecret (E:\express\fundo-notes-project\node_modules\jsonwebtoken\verify.js:90:14)
    at Object.verify (E:\express\fundo-notes-project\node_modules\jsonwebtoken\verify.js:94:10)
    at _callee$ (E:\express\fundo-notes-project\src\middlewares\/auth.middleware.js:22:32)
    at tryCatch (E:\express\fundo-notes-project\node_modules\@babel\runtime\helpers\regeneratorRuntime.js:44:17)
    at Generator.<anonymous> (E:\express\fundo-notes-project\node_modules\@babel\runtime\helpers\regeneratorRuntime.js:125:22)
    at Generator.next (E:\express\fundo-notes-project\node_modules\@babel\runtime\helpers\regeneratorRuntime.js:69:21)
    at asyncGeneratorStep (E:\express\fundo-notes-project\node_modules\@babel\runtime\helpers\asyncToGenerator.js:3:24)
    at _next (E:\express\fundo-notes-project\node_modules\@babel\runtime\helpers\asyncToGenerator.js:22:9)
    at E:\express\fundo-notes-project\node_modules\@babel\runtime\helpers\asyncToGenerator.js:27:7
    at new Promise (<anonymous>)
    at E:\express\fundo-notes-project\node_modules\@babel\runtime\helpers\asyncToGenerator.js:19:12
    at userAuth (E:\express\fundo-notes-project\src\middlewares\/auth.middleware.js:12:22)
    at Layer.handle [as handle_request] (E:\express\fundo-notes-project\node_modules\express\lib\router\layer.js:95:5)
    at next (E:\express\fundo-notes-project\node_modules\express\lib\router\route.js:144:13)
    at Route.dispatch (E:\express\fundo-notes-project\node_modules\express\lib\router\route.js:114:3)
    at Layer.handle [as handle_request] (E:\express\fundo-notes-project\node_modules\express\lib\router\layer.js:95:5)
    at E:\express\fundo-notes-project\node_modules\express\lib\router\index.js:284:15
    at param (E:\express\fundo-notes-project\node_modules\express\lib\router\index.js:365:14)
    at param (E:\express\fundo-notes-project\node_modules\express\lib\router\index.js:376:14)
    at Function.process_params (E:\express\fundo-notes-project\node_modules\express\lib\router\index.js:421:3)
    at next (E:\express\fundo-notes-project\node_modules\express\lib\router\index.js:280:10)
    at Function.handle (E:\express\fundo-notes-project\node_modules\express\lib\router\index.js:175:3)
    at router (E:\express\fundo-notes-project\node_modules\express\lib\router\index.js:47:12)
    at Layer.handle [as handle_request] (E:\express\fundo-notes-project\node_modules\express\lib\router\layer.js:95:5)
    at trim_prefix (E:\express\fundo-notes-project\node_modules\express\lib\router\index.js:328:13)
    at E:\express\fundo-notes-project\node_modules\express\lib\router\index.js:286:9
    at Function.process_params (E:\express\fundo-notes-project\node_modules\express\lib\router\index.js:346:12)
    at next (E:\express\fundo-notes-project\node_modules\express\lib\router\index.js:280:10)
    at Function.handle (E:\express\fundo-notes-project\node_modules\express\lib\router\index.js:175:3)
    at router (E:\express\fundo-notes-project\node_modules\express\lib\router\index.js:47:12)
    at Layer.handle [as handle_request] (E:\express\fundo-notes-project\node_modules\express\lib\router\layer.js:95:5)
    at trim_prefix (E:\express\fundo-notes-project\node_modules\express\lib\router\index.js:328:13)
    at E:\express\fundo-notes-project\node_modules\express\lib\router\index.js:286:9
    at Function.process_params (E:\express\fundo-notes-project\node_modules\express\lib\router\index.js:346:12)
    at next (E:\express\fundo-notes-project\node_modules\express\lib\router\index.js:280:10)
    at logger (E:\express\fundo-notes-project\node_modules\morgan\index.js:144:5)
    at Layer.handle [as handle_request] (E:\express\fundo-notes-project\node_modules\express\lib\router\layer.js:95:5)
    at trim_prefix (E:\express\fundo-notes-project\node_modules\express\lib\router\index.js:328:13)
    at E:\express\fundo-notes-project\node_modules\express\lib\router\index.js:286:9
    at Function.process_params (E:\express\fundo-notes-project\node_modules\express\lib\router\index.js:346:12)
    at next (E:\express\fundo-notes-project\node_modules\express\lib\router\index.js:280:10)
    at E:\express\fundo-notes-project\node_modules\body-parser\lib\read.js:137:5
    at AsyncResource.runInAsyncScope (node:async_hooks:203:9)
    at invokeCallback (E:\express\fundo-notes-project\node_modules\raw-body\index.js:231:16)
    at done (E:\express\fundo-notes-project\node_modules\raw-body\index.js:220:7)
    at IncomingMessage.onEnd (E:\express\fundo-notes-project\node_modules\raw-body\index.js:280:7)
    at IncomingMessage.emit (node:events:525:35)
    at IncomingMessage.emit (node:domain:489:12)
    at endReadableNT (node:internal/streams/readable:1358:12) 
    url - /api/v1/users/636e5cd6199b1b4dd83d0388 
    method - GET 
    IP - ::1
   {"timestamp":"2022-11-14T11:59:58.918Z"}
info: Server started at http://localhost:3000/api/v1/ {"timestamp":"2022-11-14T12:00:13.132Z"}
info: Connected to the database. {"timestamp":"2022-11-14T12:00:13.224Z"}
info: Server started at http://localhost:3000/api/v1/ {"timestamp":"2022-11-14T12:02:35.892Z"}
info: Connected to the database. {"timestamp":"2022-11-14T12:02:35.996Z"}
info: Server started at http://localhost:3000/api/v1/ {"timestamp":"2022-11-14T12:03:38.716Z"}
info: Connected to the database. {"timestamp":"2022-11-14T12:03:38.763Z"}
info: Server started at http://localhost:3000/api/v1/ {"timestamp":"2022-11-14T12:04:27.474Z"}
info: Connected to the database. {"timestamp":"2022-11-14T12:04:27.516Z"}
info: Server started at http://localhost:3000/api/v1/ {"timestamp":"2022-11-14T12:04:55.273Z"}
info: Connected to the database. {"timestamp":"2022-11-14T12:04:55.315Z"}
info: Connected to the database. {"timestamp":"2022-11-14T12:05:10.930Z"}
info: Server started at http://localhost:3000/api/v1/ {"timestamp":"2022-11-14T12:06:03.884Z"}
info: Connected to the database. {"timestamp":"2022-11-14T12:06:03.938Z"}
info: Server started at http://localhost:3000/api/v1/ {"timestamp":"2022-11-14T12:29:08.865Z"}
info: Connected to the database. {"timestamp":"2022-11-14T12:29:08.892Z"}
info: Server started at http://localhost:3000/api/v1/ {"timestamp":"2022-11-14T12:29:27.983Z"}
info: Connected to the database. {"timestamp":"2022-11-14T12:29:28.007Z"}
info: Server started at http://localhost:3000/api/v1/ {"timestamp":"2022-11-14T12:36:47.133Z"}
info: Connected to the database. {"timestamp":"2022-11-14T12:36:47.156Z"}
info: Server started at http://localhost:3000/api/v1/ {"timestamp":"2022-11-14T12:36:56.290Z"}
info: Connected to the database. {"timestamp":"2022-11-14T12:36:56.314Z"}
