info: Server started at http://localhost:3000/api/v1/ {"timestamp":"2022-11-25T02:58:36.385Z"}
info: Connected to the database. {"timestamp":"2022-11-25T02:58:46.223Z"}
info: Server started at http://localhost:3000/api/v1/ {"timestamp":"2022-11-25T03:21:42.114Z"}
info: Connected to the database. {"timestamp":"2022-11-25T03:21:51.201Z"}
info: Server started at http://localhost:3000/api/v1/ {"timestamp":"2022-11-25T03:46:21.046Z"}
info: Server started at http://localhost:3000/api/v1/ {"timestamp":"2022-11-25T03:46:32.985Z"}
error: Could not connect to the database. read ECONNRESET {"name":"MongoNetworkError","stack":"Error: read ECONNRESET\n    at TLSWrap.onStreamRead (node:internal/stream_base_commons:217:20)","timestamp":"2022-11-25T03:46:41.137Z"}
info: Server started at http://localhost:3000/api/v1/ {"timestamp":"2022-11-25T03:47:06.427Z"}
info: Connected to the database. {"timestamp":"2022-11-25T03:47:14.736Z"}
info: Server started at http://localhost:3000/api/v1/ {"timestamp":"2022-11-25T03:48:33.806Z"}
info: Connected to the database. {"timestamp":"2022-11-25T03:48:42.620Z"}
info: Server started at http://localhost:3000/api/v1/ {"timestamp":"2022-11-25T03:49:29.925Z"}
info: Connected to the database. {"timestamp":"2022-11-25T03:49:37.978Z"}
info: Server started at http://localhost:3000/api/v1/ {"timestamp":"2022-11-25T03:49:48.862Z"}
info: Connected to the database. {"timestamp":"2022-11-25T03:49:57.828Z"}
info: Server started at http://localhost:3000/api/v1/ {"timestamp":"2022-11-25T03:54:02.411Z"}
info: Connected to the database. {"timestamp":"2022-11-25T03:54:11.892Z"}
info: Server started at http://localhost:3000/api/v1/ {"timestamp":"2022-11-25T03:54:32.387Z"}
info: Connected to the database. {"timestamp":"2022-11-25T03:54:40.569Z"}
info: Server started at http://localhost:3000/api/v1/ {"timestamp":"2022-11-25T03:54:52.902Z"}
info: Connected to the database. {"timestamp":"2022-11-25T03:55:00.996Z"}
info: Server started at http://localhost:3000/api/v1/ {"timestamp":"2022-11-25T03:56:09.273Z"}
info: Connected to the database. {"timestamp":"2022-11-25T03:56:18.347Z"}
info: Server started at http://localhost:3000/api/v1/ {"timestamp":"2022-11-25T03:56:53.439Z"}
info: Connected to the database. {"timestamp":"2022-11-25T03:57:01.732Z"}
info: Server started at http://localhost:3000/api/v1/ {"timestamp":"2022-11-25T03:57:22.358Z"}
info: Connected to the database. {"timestamp":"2022-11-25T03:57:31.162Z"}
info: Server started at http://localhost:3000/api/v1/ {"timestamp":"2022-11-25T08:24:23.379Z"}
info: Connected to the database. {"timestamp":"2022-11-25T08:24:34.708Z"}
info: Server started at http://localhost:3000/api/v1/ {"timestamp":"2022-11-25T08:36:59.234Z"}
info: Connected to the database. {"timestamp":"2022-11-25T08:37:09.615Z"}
info: Server started at http://localhost:3000/api/v1/ {"timestamp":"2022-11-25T08:37:51.393Z"}
info: Connected to the database. {"timestamp":"2022-11-25T08:38:01.145Z"}
info: Server started at http://localhost:3000/api/v1/ {"timestamp":"2022-11-25T08:38:45.164Z"}
info: Connected to the database. {"timestamp":"2022-11-25T08:38:54.877Z"}
info: Server started at http://localhost:3000/api/v1/ {"timestamp":"2022-11-25T08:42:56.486Z"}
info: Connected to the database. {"timestamp":"2022-11-25T08:43:06.603Z"}
info: Server started at http://localhost:3000/api/v1/ {"timestamp":"2022-11-25T08:44:08.767Z"}
info: Connected to the database. {"timestamp":"2022-11-25T08:44:18.516Z"}
info: Server started at http://localhost:3000/api/v1/ {"timestamp":"2022-11-25T08:45:04.554Z"}
info: Connected to the database. {"timestamp":"2022-11-25T08:45:13.961Z"}
error: 
    status - 500 
    message - ReferenceError: HttpStatus is not defined
    at newUserValidator (E:\express\fundo-notes-project\src\validators\/user.validator.js:12:16)
    at Layer.handle [as handle_request] (E:\express\fundo-notes-project\node_modules\express\lib\router\layer.js:95:5)
    at next (E:\express\fundo-notes-project\node_modules\express\lib\router\route.js:144:13)
    at Route.dispatch (E:\express\fundo-notes-project\node_modules\express\lib\router\route.js:114:3)
    at Layer.handle [as handle_request] (E:\express\fundo-notes-project\node_modules\express\lib\router\layer.js:95:5)
    at E:\express\fundo-notes-project\node_modules\express\lib\router\index.js:284:15
    at Function.process_params (E:\express\fundo-notes-project\node_modules\express\lib\router\index.js:346:12)
    at next (E:\express\fundo-notes-project\node_modules\express\lib\router\index.js:280:10)
    at Function.handle (E:\express\fundo-notes-project\node_modules\express\lib\router\index.js:175:3)
    at router (E:\express\fundo-notes-project\node_modules\express\lib\router\index.js:47:12)
    at Layer.handle [as handle_request] (E:\express\fundo-notes-project\node_modules\express\lib\router\layer.js:95:5)
    at trim_prefix (E:\express\fundo-notes-project\node_modules\express\lib\router\index.js:328:13)
    at E:\express\fundo-notes-project\node_modules\express\lib\router\index.js:286:9
    at Function.process_params (E:\express\fundo-notes-project\node_modules\express\lib\router\index.js:346:12)
    at next (E:\express\fundo-notes-project\node_modules\express\lib\router\index.js:280:10)
    at Function.handle (E:\express\fundo-notes-project\node_modules\express\lib\router\index.js:175:3) 
    url - /api/v1/users/register 
    method - POST 
    IP - ::1
   {"timestamp":"2022-11-25T08:48:26.422Z"}
info: Server started at http://localhost:3000/api/v1/ {"timestamp":"2022-11-25T08:53:09.923Z"}
info: Connected to the database. {"timestamp":"2022-11-25T08:53:19.970Z"}
info: Server started at http://localhost:3000/api/v1/ {"timestamp":"2022-11-25T08:55:22.189Z"}
info: Connected to the database. {"timestamp":"2022-11-25T08:55:31.655Z"}
info: Server started at http://localhost:3000/api/v1/ {"timestamp":"2022-11-25T09:16:07.293Z"}
error: Could not connect to the database. querySrv ECONNREFUSED _mongodb._tcp.demo.aoloa.mongodb.net {"code":"ECONNREFUSED","hostname":"_mongodb._tcp.demo.aoloa.mongodb.net","stack":"Error: querySrv ECONNREFUSED _mongodb._tcp.demo.aoloa.mongodb.net\n    at QueryReqWrap.onresolve [as oncomplete] (node:dns:279:19)","syscall":"querySrv","timestamp":"2022-11-25T09:16:07.341Z"}
info: Server started at http://localhost:3000/api/v1/ {"timestamp":"2022-11-25T09:16:37.624Z"}
info: Server started at http://localhost:3000/api/v1/ {"timestamp":"2022-11-25T09:17:23.606Z"}
info: Connected to the database. {"timestamp":"2022-11-25T09:17:34.530Z"}
info: Server started at http://localhost:3000/api/v1/ {"timestamp":"2022-11-25T09:41:04.681Z"}
info: Connected to the database. {"timestamp":"2022-11-25T09:41:14.445Z"}
info: Server started at http://localhost:3000/api/v1/ {"timestamp":"2022-11-25T09:52:31.891Z"}
info: Connected to the database. {"timestamp":"2022-11-25T09:52:42.244Z"}
info: Server started at http://localhost:3000/api/v1/ {"timestamp":"2022-11-25T09:56:07.393Z"}
info: Connected to the database. {"timestamp":"2022-11-25T09:56:16.682Z"}
info: Server started at http://localhost:3000/api/v1/ {"timestamp":"2022-11-25T09:56:57.609Z"}
info: Connected to the database. {"timestamp":"2022-11-25T09:57:05.725Z"}
info: Server started at http://localhost:3000/api/v1/ {"timestamp":"2022-11-25T09:58:13.440Z"}
info: Connected to the database. {"timestamp":"2022-11-25T09:58:22.443Z"}
info: Server started at http://localhost:3000/api/v1/ {"timestamp":"2022-11-25T10:00:17.834Z"}
info: Connected to the database. {"timestamp":"2022-11-25T10:00:26.902Z"}
info: Server started at http://localhost:3000/api/v1/ {"timestamp":"2022-11-25T10:01:48.662Z"}
info: Connected to the database. {"timestamp":"2022-11-25T10:01:57.867Z"}
info: Server started at http://localhost:3000/api/v1/ {"timestamp":"2022-11-25T10:13:40.979Z"}
info: Connected to the database. {"timestamp":"2022-11-25T10:13:50.081Z"}
info: Server started at http://localhost:3000/api/v1/ {"timestamp":"2022-11-25T10:14:51.668Z"}
info: Connected to the database. {"timestamp":"2022-11-25T10:15:00.784Z"}
info: Server started at http://localhost:3000/api/v1/ {"timestamp":"2022-11-25T10:19:11.605Z"}
info: Connected to the database. {"timestamp":"2022-11-25T10:19:21.360Z"}
info: Server started at http://localhost:3000/api/v1/ {"timestamp":"2022-11-25T10:20:46.423Z"}
info: Server started at http://localhost:3000/api/v1/ {"timestamp":"2022-11-25T10:20:58.032Z"}
info: Connected to the database. {"timestamp":"2022-11-25T10:21:06.529Z"}
info: Server started at http://localhost:3000/api/v1/ {"timestamp":"2022-11-25T10:21:29.609Z"}
info: Connected to the database. {"timestamp":"2022-11-25T10:21:37.791Z"}
info: Server started at http://localhost:3000/api/v1/ {"timestamp":"2022-11-25T10:24:05.322Z"}
info: Connected to the database. {"timestamp":"2022-11-25T10:24:14.173Z"}
info: Server started at http://localhost:3000/api/v1/ {"timestamp":"2022-11-25T10:31:43.037Z"}
info: Connected to the database. {"timestamp":"2022-11-25T10:31:53.528Z"}
info: Server started at http://localhost:3000/api/v1/ {"timestamp":"2022-11-25T10:34:10.892Z"}
info: Connected to the database. {"timestamp":"2022-11-25T10:34:20.020Z"}
info: Server started at http://localhost:3000/api/v1/ {"timestamp":"2022-11-25T10:35:34.427Z"}
info: Connected to the database. {"timestamp":"2022-11-25T10:35:43.285Z"}
info: Server started at http://localhost:3000/api/v1/ {"timestamp":"2022-11-25T10:41:18.498Z"}
info: Connected to the database. {"timestamp":"2022-11-25T10:41:27.966Z"}
error: 
    status - 500 
    message - CastError: Cast to ObjectId failed for value "{
  _id: '$638096170833c93ba4254860',
  UserID: 'nayanakamble1979@gmail.com'
}" (type Object) at path "_id" for model "Notes"
    at model.Query.exec (E:\express\fundo-notes-project\node_modules\mongoose\lib\query.js:4498:21)
    at model.Query.Query.then (E:\express\fundo-notes-project\node_modules\mongoose\lib\query.js:4592:15)
    at processTicksAndRejections (node:internal/process/task_queues:96:5) 
    url - /api/v1/notes/$638096170833c93ba4254860 
    method - GET 
    IP - ::1
   {"timestamp":"2022-11-25T10:43:08.623Z"}
info: Server started at http://localhost:3000/api/v1/ {"timestamp":"2022-11-25T10:43:44.802Z"}
info: Connected to the database. {"timestamp":"2022-11-25T10:43:53.587Z"}
info: Server started at http://localhost:3000/api/v1/ {"timestamp":"2022-11-25T10:51:03.601Z"}
info: Connected to the database. {"timestamp":"2022-11-25T10:51:12.499Z"}
info: Server started at http://localhost:3000/api/v1/ {"timestamp":"2022-11-25T10:59:54.083Z"}
info: Connected to the database. {"timestamp":"2022-11-25T11:00:03.045Z"}
info: Server started at http://localhost:3000/api/v1/ {"timestamp":"2022-11-25T11:20:55.680Z"}
info: Connected to the database. {"timestamp":"2022-11-25T11:21:05.032Z"}
info: Server started at http://localhost:3000/api/v1/ {"timestamp":"2022-11-25T11:24:14.282Z"}
info: Server started at http://localhost:3000/api/v1/ {"timestamp":"2022-11-25T11:24:24.570Z"}
info: Connected to the database. {"timestamp":"2022-11-25T11:24:33.423Z"}
info: Server started at http://localhost:3000/api/v1/ {"timestamp":"2022-11-25T11:29:09.039Z"}
info: Connected to the database. {"timestamp":"2022-11-25T11:29:18.056Z"}
info: Server started at http://localhost:3000/api/v1/ {"timestamp":"2022-11-25T11:32:19.784Z"}
info: Connected to the database. {"timestamp":"2022-11-25T11:32:28.665Z"}
error: 
    status - 500 
    message - ReferenceError: HttpStatus is not defined
    at newNotesValidator (E:\express\fundo-notes-project\src\validators\/notes.validator.js:15:20)
    at Layer.handle [as handle_request] (E:\express\fundo-notes-project\node_modules\express\lib\router\layer.js:95:5)
    at next (E:\express\fundo-notes-project\node_modules\express\lib\router\route.js:144:13)
    at Route.dispatch (E:\express\fundo-notes-project\node_modules\express\lib\router\route.js:114:3)
    at Layer.handle [as handle_request] (E:\express\fundo-notes-project\node_modules\express\lib\router\layer.js:95:5)
    at E:\express\fundo-notes-project\node_modules\express\lib\router\index.js:284:15
    at param (E:\express\fundo-notes-project\node_modules\express\lib\router\index.js:365:14)
    at param (E:\express\fundo-notes-project\node_modules\express\lib\router\index.js:376:14)
    at Function.process_params (E:\express\fundo-notes-project\node_modules\express\lib\router\index.js:421:3)
    at next (E:\express\fundo-notes-project\node_modules\express\lib\router\index.js:280:10)
    at Function.handle (E:\express\fundo-notes-project\node_modules\express\lib\router\index.js:175:3)
    at router (E:\express\fundo-notes-project\node_modules\express\lib\router\index.js:47:12)
    at Layer.handle [as handle_request] (E:\express\fundo-notes-project\node_modules\express\lib\router\layer.js:95:5)
    at trim_prefix (E:\express\fundo-notes-project\node_modules\express\lib\router\index.js:328:13)
    at E:\express\fundo-notes-project\node_modules\express\lib\router\index.js:286:9
    at Function.process_params (E:\express\fundo-notes-project\node_modules\express\lib\router\index.js:346:12) 
    url - /api/v1/notes/638096170833c93ba4254860 
    method - PUT 
    IP - ::1
   {"timestamp":"2022-11-25T11:34:02.797Z"}
error: 
    status - 500 
    message - ReferenceError: HttpStatus is not defined
    at newNotesValidator (E:\express\fundo-notes-project\src\validators\/notes.validator.js:15:20)
    at Layer.handle [as handle_request] (E:\express\fundo-notes-project\node_modules\express\lib\router\layer.js:95:5)
    at next (E:\express\fundo-notes-project\node_modules\express\lib\router\route.js:144:13)
    at Route.dispatch (E:\express\fundo-notes-project\node_modules\express\lib\router\route.js:114:3)
    at Layer.handle [as handle_request] (E:\express\fundo-notes-project\node_modules\express\lib\router\layer.js:95:5)
    at E:\express\fundo-notes-project\node_modules\express\lib\router\index.js:284:15
    at param (E:\express\fundo-notes-project\node_modules\express\lib\router\index.js:365:14)
    at param (E:\express\fundo-notes-project\node_modules\express\lib\router\index.js:376:14)
    at Function.process_params (E:\express\fundo-notes-project\node_modules\express\lib\router\index.js:421:3)
    at next (E:\express\fundo-notes-project\node_modules\express\lib\router\index.js:280:10)
    at Function.handle (E:\express\fundo-notes-project\node_modules\express\lib\router\index.js:175:3)
    at router (E:\express\fundo-notes-project\node_modules\express\lib\router\index.js:47:12)
    at Layer.handle [as handle_request] (E:\express\fundo-notes-project\node_modules\express\lib\router\layer.js:95:5)
    at trim_prefix (E:\express\fundo-notes-project\node_modules\express\lib\router\index.js:328:13)
    at E:\express\fundo-notes-project\node_modules\express\lib\router\index.js:286:9
    at Function.process_params (E:\express\fundo-notes-project\node_modules\express\lib\router\index.js:346:12) 
    url - /api/v1/notes/638096170833c93ba4254860 
    method - PUT 
    IP - ::1
   {"timestamp":"2022-11-25T11:34:34.179Z"}
error: 
    status - 500 
    message - ReferenceError: HttpStatus is not defined
    at newNotesValidator (E:\express\fundo-notes-project\src\validators\/notes.validator.js:15:20)
    at Layer.handle [as handle_request] (E:\express\fundo-notes-project\node_modules\express\lib\router\layer.js:95:5)
    at next (E:\express\fundo-notes-project\node_modules\express\lib\router\route.js:144:13)
    at Route.dispatch (E:\express\fundo-notes-project\node_modules\express\lib\router\route.js:114:3)
    at Layer.handle [as handle_request] (E:\express\fundo-notes-project\node_modules\express\lib\router\layer.js:95:5)
    at E:\express\fundo-notes-project\node_modules\express\lib\router\index.js:284:15
    at param (E:\express\fundo-notes-project\node_modules\express\lib\router\index.js:365:14)
    at param (E:\express\fundo-notes-project\node_modules\express\lib\router\index.js:376:14)
    at Function.process_params (E:\express\fundo-notes-project\node_modules\express\lib\router\index.js:421:3)
    at next (E:\express\fundo-notes-project\node_modules\express\lib\router\index.js:280:10)
    at Function.handle (E:\express\fundo-notes-project\node_modules\express\lib\router\index.js:175:3)
    at router (E:\express\fundo-notes-project\node_modules\express\lib\router\index.js:47:12)
    at Layer.handle [as handle_request] (E:\express\fundo-notes-project\node_modules\express\lib\router\layer.js:95:5)
    at trim_prefix (E:\express\fundo-notes-project\node_modules\express\lib\router\index.js:328:13)
    at E:\express\fundo-notes-project\node_modules\express\lib\router\index.js:286:9
    at Function.process_params (E:\express\fundo-notes-project\node_modules\express\lib\router\index.js:346:12) 
    url - /api/v1/notes/638096170833c93ba4254860 
    method - PUT 
    IP - ::1
   {"timestamp":"2022-11-25T11:34:36.809Z"}
error: 
    status - 500 
    message - ReferenceError: HttpStatus is not defined
    at newNotesValidator (E:\express\fundo-notes-project\src\validators\/notes.validator.js:15:20)
    at Layer.handle [as handle_request] (E:\express\fundo-notes-project\node_modules\express\lib\router\layer.js:95:5)
    at next (E:\express\fundo-notes-project\node_modules\express\lib\router\route.js:144:13)
    at Route.dispatch (E:\express\fundo-notes-project\node_modules\express\lib\router\route.js:114:3)
    at Layer.handle [as handle_request] (E:\express\fundo-notes-project\node_modules\express\lib\router\layer.js:95:5)
    at E:\express\fundo-notes-project\node_modules\express\lib\router\index.js:284:15
    at param (E:\express\fundo-notes-project\node_modules\express\lib\router\index.js:365:14)
    at param (E:\express\fundo-notes-project\node_modules\express\lib\router\index.js:376:14)
    at Function.process_params (E:\express\fundo-notes-project\node_modules\express\lib\router\index.js:421:3)
    at next (E:\express\fundo-notes-project\node_modules\express\lib\router\index.js:280:10)
    at Function.handle (E:\express\fundo-notes-project\node_modules\express\lib\router\index.js:175:3)
    at router (E:\express\fundo-notes-project\node_modules\express\lib\router\index.js:47:12)
    at Layer.handle [as handle_request] (E:\express\fundo-notes-project\node_modules\express\lib\router\layer.js:95:5)
    at trim_prefix (E:\express\fundo-notes-project\node_modules\express\lib\router\index.js:328:13)
    at E:\express\fundo-notes-project\node_modules\express\lib\router\index.js:286:9
    at Function.process_params (E:\express\fundo-notes-project\node_modules\express\lib\router\index.js:346:12) 
    url - /api/v1/notes/638096170833c93ba4254860 
    method - PUT 
    IP - ::1
   {"timestamp":"2022-11-25T11:35:13.095Z"}
error: 
    status - 500 
    message - ReferenceError: HttpStatus is not defined
    at newNotesValidator (E:\express\fundo-notes-project\src\validators\/notes.validator.js:15:20)
    at Layer.handle [as handle_request] (E:\express\fundo-notes-project\node_modules\express\lib\router\layer.js:95:5)
    at next (E:\express\fundo-notes-project\node_modules\express\lib\router\route.js:144:13)
    at Route.dispatch (E:\express\fundo-notes-project\node_modules\express\lib\router\route.js:114:3)
    at Layer.handle [as handle_request] (E:\express\fundo-notes-project\node_modules\express\lib\router\layer.js:95:5)
    at E:\express\fundo-notes-project\node_modules\express\lib\router\index.js:284:15
    at param (E:\express\fundo-notes-project\node_modules\express\lib\router\index.js:365:14)
    at param (E:\express\fundo-notes-project\node_modules\express\lib\router\index.js:376:14)
    at Function.process_params (E:\express\fundo-notes-project\node_modules\express\lib\router\index.js:421:3)
    at next (E:\express\fundo-notes-project\node_modules\express\lib\router\index.js:280:10)
    at Function.handle (E:\express\fundo-notes-project\node_modules\express\lib\router\index.js:175:3)
    at router (E:\express\fundo-notes-project\node_modules\express\lib\router\index.js:47:12)
    at Layer.handle [as handle_request] (E:\express\fundo-notes-project\node_modules\express\lib\router\layer.js:95:5)
    at trim_prefix (E:\express\fundo-notes-project\node_modules\express\lib\router\index.js:328:13)
    at E:\express\fundo-notes-project\node_modules\express\lib\router\index.js:286:9
    at Function.process_params (E:\express\fundo-notes-project\node_modules\express\lib\router\index.js:346:12) 
    url - /api/v1/notes/638096170833c93ba4254860 
    method - PUT 
    IP - ::1
   {"timestamp":"2022-11-25T11:35:15.437Z"}
error: 
    status - 500 
    message - ReferenceError: HttpStatus is not defined
    at newNotesValidator (E:\express\fundo-notes-project\src\validators\/notes.validator.js:15:20)
    at Layer.handle [as handle_request] (E:\express\fundo-notes-project\node_modules\express\lib\router\layer.js:95:5)
    at next (E:\express\fundo-notes-project\node_modules\express\lib\router\route.js:144:13)
    at Route.dispatch (E:\express\fundo-notes-project\node_modules\express\lib\router\route.js:114:3)
    at Layer.handle [as handle_request] (E:\express\fundo-notes-project\node_modules\express\lib\router\layer.js:95:5)
    at E:\express\fundo-notes-project\node_modules\express\lib\router\index.js:284:15
    at param (E:\express\fundo-notes-project\node_modules\express\lib\router\index.js:365:14)
    at param (E:\express\fundo-notes-project\node_modules\express\lib\router\index.js:376:14)
    at Function.process_params (E:\express\fundo-notes-project\node_modules\express\lib\router\index.js:421:3)
    at next (E:\express\fundo-notes-project\node_modules\express\lib\router\index.js:280:10)
    at Function.handle (E:\express\fundo-notes-project\node_modules\express\lib\router\index.js:175:3)
    at router (E:\express\fundo-notes-project\node_modules\express\lib\router\index.js:47:12)
    at Layer.handle [as handle_request] (E:\express\fundo-notes-project\node_modules\express\lib\router\layer.js:95:5)
    at trim_prefix (E:\express\fundo-notes-project\node_modules\express\lib\router\index.js:328:13)
    at E:\express\fundo-notes-project\node_modules\express\lib\router\index.js:286:9
    at Function.process_params (E:\express\fundo-notes-project\node_modules\express\lib\router\index.js:346:12) 
    url - /api/v1/notes/638096170833c93ba4254860 
    method - PUT 
    IP - ::1
   {"timestamp":"2022-11-25T11:35:16.423Z"}
error: 
    status - 500 
    message - ReferenceError: HttpStatus is not defined
    at newNotesValidator (E:\express\fundo-notes-project\src\validators\/notes.validator.js:15:20)
    at Layer.handle [as handle_request] (E:\express\fundo-notes-project\node_modules\express\lib\router\layer.js:95:5)
    at next (E:\express\fundo-notes-project\node_modules\express\lib\router\route.js:144:13)
    at Route.dispatch (E:\express\fundo-notes-project\node_modules\express\lib\router\route.js:114:3)
    at Layer.handle [as handle_request] (E:\express\fundo-notes-project\node_modules\express\lib\router\layer.js:95:5)
    at E:\express\fundo-notes-project\node_modules\express\lib\router\index.js:284:15
    at param (E:\express\fundo-notes-project\node_modules\express\lib\router\index.js:365:14)
    at param (E:\express\fundo-notes-project\node_modules\express\lib\router\index.js:376:14)
    at Function.process_params (E:\express\fundo-notes-project\node_modules\express\lib\router\index.js:421:3)
    at next (E:\express\fundo-notes-project\node_modules\express\lib\router\index.js:280:10)
    at Function.handle (E:\express\fundo-notes-project\node_modules\express\lib\router\index.js:175:3)
    at router (E:\express\fundo-notes-project\node_modules\express\lib\router\index.js:47:12)
    at Layer.handle [as handle_request] (E:\express\fundo-notes-project\node_modules\express\lib\router\layer.js:95:5)
    at trim_prefix (E:\express\fundo-notes-project\node_modules\express\lib\router\index.js:328:13)
    at E:\express\fundo-notes-project\node_modules\express\lib\router\index.js:286:9
    at Function.process_params (E:\express\fundo-notes-project\node_modules\express\lib\router\index.js:346:12) 
    url - /api/v1/notes/638096170833c93ba4254860 
    method - PUT 
    IP - ::1
   {"timestamp":"2022-11-25T11:35:17.543Z"}
info: Server started at http://localhost:3000/api/v1/ {"timestamp":"2022-11-25T11:35:43.772Z"}
info: Connected to the database. {"timestamp":"2022-11-25T11:35:52.680Z"}
error: 
    status - 500 
    message - ReferenceError: HttpStatus is not defined
    at newNotesValidator (E:\express\fundo-notes-project\src\validators\/notes.validator.js:15:20)
    at Layer.handle [as handle_request] (E:\express\fundo-notes-project\node_modules\express\lib\router\layer.js:95:5)
    at next (E:\express\fundo-notes-project\node_modules\express\lib\router\route.js:144:13)
    at Route.dispatch (E:\express\fundo-notes-project\node_modules\express\lib\router\route.js:114:3)
    at Layer.handle [as handle_request] (E:\express\fundo-notes-project\node_modules\express\lib\router\layer.js:95:5)
    at E:\express\fundo-notes-project\node_modules\express\lib\router\index.js:284:15
    at param (E:\express\fundo-notes-project\node_modules\express\lib\router\index.js:365:14)
    at param (E:\express\fundo-notes-project\node_modules\express\lib\router\index.js:376:14)
    at Function.process_params (E:\express\fundo-notes-project\node_modules\express\lib\router\index.js:421:3)
    at next (E:\express\fundo-notes-project\node_modules\express\lib\router\index.js:280:10)
    at Function.handle (E:\express\fundo-notes-project\node_modules\express\lib\router\index.js:175:3)
    at router (E:\express\fundo-notes-project\node_modules\express\lib\router\index.js:47:12)
    at Layer.handle [as handle_request] (E:\express\fundo-notes-project\node_modules\express\lib\router\layer.js:95:5)
    at trim_prefix (E:\express\fundo-notes-project\node_modules\express\lib\router\index.js:328:13)
    at E:\express\fundo-notes-project\node_modules\express\lib\router\index.js:286:9
    at Function.process_params (E:\express\fundo-notes-project\node_modules\express\lib\router\index.js:346:12) 
    url - /api/v1/notes/638096170833c93ba4254860 
    method - PUT 
    IP - ::1
   {"timestamp":"2022-11-25T11:37:33.820Z"}
error: 
    status - 500 
    message - ReferenceError: HttpStatus is not defined
    at newNotesValidator (E:\express\fundo-notes-project\src\validators\/notes.validator.js:15:20)
    at Layer.handle [as handle_request] (E:\express\fundo-notes-project\node_modules\express\lib\router\layer.js:95:5)
    at next (E:\express\fundo-notes-project\node_modules\express\lib\router\route.js:144:13)
    at Route.dispatch (E:\express\fundo-notes-project\node_modules\express\lib\router\route.js:114:3)
    at Layer.handle [as handle_request] (E:\express\fundo-notes-project\node_modules\express\lib\router\layer.js:95:5)
    at E:\express\fundo-notes-project\node_modules\express\lib\router\index.js:284:15
    at param (E:\express\fundo-notes-project\node_modules\express\lib\router\index.js:365:14)
    at param (E:\express\fundo-notes-project\node_modules\express\lib\router\index.js:376:14)
    at Function.process_params (E:\express\fundo-notes-project\node_modules\express\lib\router\index.js:421:3)
    at next (E:\express\fundo-notes-project\node_modules\express\lib\router\index.js:280:10)
    at Function.handle (E:\express\fundo-notes-project\node_modules\express\lib\router\index.js:175:3)
    at router (E:\express\fundo-notes-project\node_modules\express\lib\router\index.js:47:12)
    at Layer.handle [as handle_request] (E:\express\fundo-notes-project\node_modules\express\lib\router\layer.js:95:5)
    at trim_prefix (E:\express\fundo-notes-project\node_modules\express\lib\router\index.js:328:13)
    at E:\express\fundo-notes-project\node_modules\express\lib\router\index.js:286:9
    at Function.process_params (E:\express\fundo-notes-project\node_modules\express\lib\router\index.js:346:12) 
    url - /api/v1/notes/638096170833c93ba4254860 
    method - PUT 
    IP - ::1
   {"timestamp":"2022-11-25T11:37:51.918Z"}
error: 
    status - 500 
    message - ReferenceError: HttpStatus is not defined
    at newNotesValidator (E:\express\fundo-notes-project\src\validators\/notes.validator.js:15:20)
    at Layer.handle [as handle_request] (E:\express\fundo-notes-project\node_modules\express\lib\router\layer.js:95:5)
    at next (E:\express\fundo-notes-project\node_modules\express\lib\router\route.js:144:13)
    at Route.dispatch (E:\express\fundo-notes-project\node_modules\express\lib\router\route.js:114:3)
    at Layer.handle [as handle_request] (E:\express\fundo-notes-project\node_modules\express\lib\router\layer.js:95:5)
    at E:\express\fundo-notes-project\node_modules\express\lib\router\index.js:284:15
    at param (E:\express\fundo-notes-project\node_modules\express\lib\router\index.js:365:14)
    at param (E:\express\fundo-notes-project\node_modules\express\lib\router\index.js:376:14)
    at Function.process_params (E:\express\fundo-notes-project\node_modules\express\lib\router\index.js:421:3)
    at next (E:\express\fundo-notes-project\node_modules\express\lib\router\index.js:280:10)
    at Function.handle (E:\express\fundo-notes-project\node_modules\express\lib\router\index.js:175:3)
    at router (E:\express\fundo-notes-project\node_modules\express\lib\router\index.js:47:12)
    at Layer.handle [as handle_request] (E:\express\fundo-notes-project\node_modules\express\lib\router\layer.js:95:5)
    at trim_prefix (E:\express\fundo-notes-project\node_modules\express\lib\router\index.js:328:13)
    at E:\express\fundo-notes-project\node_modules\express\lib\router\index.js:286:9
    at Function.process_params (E:\express\fundo-notes-project\node_modules\express\lib\router\index.js:346:12) 
    url - /api/v1/notes/638096170833c93ba4254860 
    method - PUT 
    IP - ::1
   {"timestamp":"2022-11-25T11:37:56.936Z"}
info: Server started at http://localhost:3000/api/v1/ {"timestamp":"2022-11-25T11:41:48.355Z"}
info: Connected to the database. {"timestamp":"2022-11-25T11:41:57.964Z"}
error: 
    status - 500 
    message - ReferenceError: HttpStatus is not defined
    at newNotesValidator (E:\express\fundo-notes-project\src\validators\/notes.validator.js:15:20)
    at Layer.handle [as handle_request] (E:\express\fundo-notes-project\node_modules\express\lib\router\layer.js:95:5)
    at next (E:\express\fundo-notes-project\node_modules\express\lib\router\route.js:144:13)
    at Route.dispatch (E:\express\fundo-notes-project\node_modules\express\lib\router\route.js:114:3)
    at Layer.handle [as handle_request] (E:\express\fundo-notes-project\node_modules\express\lib\router\layer.js:95:5)
    at E:\express\fundo-notes-project\node_modules\express\lib\router\index.js:284:15
    at param (E:\express\fundo-notes-project\node_modules\express\lib\router\index.js:365:14)
    at param (E:\express\fundo-notes-project\node_modules\express\lib\router\index.js:376:14)
    at Function.process_params (E:\express\fundo-notes-project\node_modules\express\lib\router\index.js:421:3)
    at next (E:\express\fundo-notes-project\node_modules\express\lib\router\index.js:280:10)
    at Function.handle (E:\express\fundo-notes-project\node_modules\express\lib\router\index.js:175:3)
    at router (E:\express\fundo-notes-project\node_modules\express\lib\router\index.js:47:12)
    at Layer.handle [as handle_request] (E:\express\fundo-notes-project\node_modules\express\lib\router\layer.js:95:5)
    at trim_prefix (E:\express\fundo-notes-project\node_modules\express\lib\router\index.js:328:13)
    at E:\express\fundo-notes-project\node_modules\express\lib\router\index.js:286:9
    at Function.process_params (E:\express\fundo-notes-project\node_modules\express\lib\router\index.js:346:12) 
    url - /api/v1/notes/638096170833c93ba4254860 
    method - PUT 
    IP - ::1
   {"timestamp":"2022-11-25T11:43:29.822Z"}
info: Server started at http://localhost:3000/api/v1/ {"timestamp":"2022-11-25T11:44:46.543Z"}
info: Connected to the database. {"timestamp":"2022-11-25T11:44:55.400Z"}
error: 
    status - 500 
    message - ReferenceError: HttpStatus is not defined
    at newNotesValidator (E:\express\fundo-notes-project\src\validators\/notes.validator.js:15:20)
    at Layer.handle [as handle_request] (E:\express\fundo-notes-project\node_modules\express\lib\router\layer.js:95:5)
    at next (E:\express\fundo-notes-project\node_modules\express\lib\router\route.js:144:13)
    at Route.dispatch (E:\express\fundo-notes-project\node_modules\express\lib\router\route.js:114:3)
    at Layer.handle [as handle_request] (E:\express\fundo-notes-project\node_modules\express\lib\router\layer.js:95:5)
    at E:\express\fundo-notes-project\node_modules\express\lib\router\index.js:284:15
    at param (E:\express\fundo-notes-project\node_modules\express\lib\router\index.js:365:14)
    at param (E:\express\fundo-notes-project\node_modules\express\lib\router\index.js:376:14)
    at Function.process_params (E:\express\fundo-notes-project\node_modules\express\lib\router\index.js:421:3)
    at next (E:\express\fundo-notes-project\node_modules\express\lib\router\index.js:280:10)
    at Function.handle (E:\express\fundo-notes-project\node_modules\express\lib\router\index.js:175:3)
    at router (E:\express\fundo-notes-project\node_modules\express\lib\router\index.js:47:12)
    at Layer.handle [as handle_request] (E:\express\fundo-notes-project\node_modules\express\lib\router\layer.js:95:5)
    at trim_prefix (E:\express\fundo-notes-project\node_modules\express\lib\router\index.js:328:13)
    at E:\express\fundo-notes-project\node_modules\express\lib\router\index.js:286:9
    at Function.process_params (E:\express\fundo-notes-project\node_modules\express\lib\router\index.js:346:12) 
    url - /api/v1/notes/638096170833c93ba4254860 
    method - PUT 
    IP - ::1
   {"timestamp":"2022-11-25T11:50:33.030Z"}
info: Server started at http://localhost:3000/api/v1/ {"timestamp":"2022-11-25T11:53:04.830Z"}
info: Connected to the database. {"timestamp":"2022-11-25T11:53:14.338Z"}
info: Server started at http://localhost:3000/api/v1/ {"timestamp":"2022-11-25T11:53:27.466Z"}
info: Connected to the database. {"timestamp":"2022-11-25T11:53:35.500Z"}
error: 
    status - 500 
    message - ReferenceError: HttpStatus is not defined
    at newNotesValidator (E:\express\fundo-notes-project\src\validators\/notes.validator.js:15:20)
    at Layer.handle [as handle_request] (E:\express\fundo-notes-project\node_modules\express\lib\router\layer.js:95:5)
    at next (E:\express\fundo-notes-project\node_modules\express\lib\router\route.js:144:13)
    at Route.dispatch (E:\express\fundo-notes-project\node_modules\express\lib\router\route.js:114:3)
    at Layer.handle [as handle_request] (E:\express\fundo-notes-project\node_modules\express\lib\router\layer.js:95:5)
    at E:\express\fundo-notes-project\node_modules\express\lib\router\index.js:284:15
    at param (E:\express\fundo-notes-project\node_modules\express\lib\router\index.js:365:14)
    at param (E:\express\fundo-notes-project\node_modules\express\lib\router\index.js:376:14)
    at Function.process_params (E:\express\fundo-notes-project\node_modules\express\lib\router\index.js:421:3)
    at next (E:\express\fundo-notes-project\node_modules\express\lib\router\index.js:280:10)
    at Function.handle (E:\express\fundo-notes-project\node_modules\express\lib\router\index.js:175:3)
    at router (E:\express\fundo-notes-project\node_modules\express\lib\router\index.js:47:12)
    at Layer.handle [as handle_request] (E:\express\fundo-notes-project\node_modules\express\lib\router\layer.js:95:5)
    at trim_prefix (E:\express\fundo-notes-project\node_modules\express\lib\router\index.js:328:13)
    at E:\express\fundo-notes-project\node_modules\express\lib\router\index.js:286:9
    at Function.process_params (E:\express\fundo-notes-project\node_modules\express\lib\router\index.js:346:12) 
    url - /api/v1/notes/638096170833c93ba4254860 
    method - PUT 
    IP - ::1
   {"timestamp":"2022-11-25T11:56:22.328Z"}
info: Server started at http://localhost:3000/api/v1/ {"timestamp":"2022-11-25T11:56:44.662Z"}
info: Connected to the database. {"timestamp":"2022-11-25T11:56:53.588Z"}
info: Server started at http://localhost:3000/api/v1/ {"timestamp":"2022-11-25T11:57:01.199Z"}
info: Connected to the database. {"timestamp":"2022-11-25T11:57:09.427Z"}
info: Server started at http://localhost:3000/api/v1/ {"timestamp":"2022-11-25T11:57:16.944Z"}
info: Connected to the database. {"timestamp":"2022-11-25T11:57:25.178Z"}
error: 
    status - 500 
    message - ReferenceError: HttpStatus is not defined
    at newNotesValidator (E:\express\fundo-notes-project\src\validators\/notes.validator.js:15:20)
    at Layer.handle [as handle_request] (E:\express\fundo-notes-project\node_modules\express\lib\router\layer.js:95:5)
    at next (E:\express\fundo-notes-project\node_modules\express\lib\router\route.js:144:13)
    at Route.dispatch (E:\express\fundo-notes-project\node_modules\express\lib\router\route.js:114:3)
    at Layer.handle [as handle_request] (E:\express\fundo-notes-project\node_modules\express\lib\router\layer.js:95:5)
    at E:\express\fundo-notes-project\node_modules\express\lib\router\index.js:284:15
    at param (E:\express\fundo-notes-project\node_modules\express\lib\router\index.js:365:14)
    at param (E:\express\fundo-notes-project\node_modules\express\lib\router\index.js:376:14)
    at Function.process_params (E:\express\fundo-notes-project\node_modules\express\lib\router\index.js:421:3)
    at next (E:\express\fundo-notes-project\node_modules\express\lib\router\index.js:280:10)
    at Function.handle (E:\express\fundo-notes-project\node_modules\express\lib\router\index.js:175:3)
    at router (E:\express\fundo-notes-project\node_modules\express\lib\router\index.js:47:12)
    at Layer.handle [as handle_request] (E:\express\fundo-notes-project\node_modules\express\lib\router\layer.js:95:5)
    at trim_prefix (E:\express\fundo-notes-project\node_modules\express\lib\router\index.js:328:13)
    at E:\express\fundo-notes-project\node_modules\express\lib\router\index.js:286:9
    at Function.process_params (E:\express\fundo-notes-project\node_modules\express\lib\router\index.js:346:12) 
    url - /api/v1/notes/638096170833c93ba4254860 
    method - PUT 
    IP - ::1
   {"timestamp":"2022-11-25T11:59:08.939Z"}
error: 
    status - 500 
    message - ReferenceError: HttpStatus is not defined
    at newNotesValidator (E:\express\fundo-notes-project\src\validators\/notes.validator.js:15:20)
    at Layer.handle [as handle_request] (E:\express\fundo-notes-project\node_modules\express\lib\router\layer.js:95:5)
    at next (E:\express\fundo-notes-project\node_modules\express\lib\router\route.js:144:13)
    at Route.dispatch (E:\express\fundo-notes-project\node_modules\express\lib\router\route.js:114:3)
    at Layer.handle [as handle_request] (E:\express\fundo-notes-project\node_modules\express\lib\router\layer.js:95:5)
    at E:\express\fundo-notes-project\node_modules\express\lib\router\index.js:284:15
    at param (E:\express\fundo-notes-project\node_modules\express\lib\router\index.js:365:14)
    at param (E:\express\fundo-notes-project\node_modules\express\lib\router\index.js:376:14)
    at Function.process_params (E:\express\fundo-notes-project\node_modules\express\lib\router\index.js:421:3)
    at next (E:\express\fundo-notes-project\node_modules\express\lib\router\index.js:280:10)
    at Function.handle (E:\express\fundo-notes-project\node_modules\express\lib\router\index.js:175:3)
    at router (E:\express\fundo-notes-project\node_modules\express\lib\router\index.js:47:12)
    at Layer.handle [as handle_request] (E:\express\fundo-notes-project\node_modules\express\lib\router\layer.js:95:5)
    at trim_prefix (E:\express\fundo-notes-project\node_modules\express\lib\router\index.js:328:13)
    at E:\express\fundo-notes-project\node_modules\express\lib\router\index.js:286:9
    at Function.process_params (E:\express\fundo-notes-project\node_modules\express\lib\router\index.js:346:12) 
    url - /api/v1/notes/638096170833c93ba4254860 
    method - PUT 
    IP - ::1
   {"timestamp":"2022-11-25T11:59:25.225Z"}
info: Server started at http://localhost:3000/api/v1/ {"timestamp":"2022-11-25T12:02:49.532Z"}
info: Connected to the database. {"timestamp":"2022-11-25T12:02:58.440Z"}
error: 
    status - 500 
    message - ReferenceError: HttpStatus is not defined
    at newNotesValidator (E:\express\fundo-notes-project\src\validators\/notes.validator.js:15:20)
    at Layer.handle [as handle_request] (E:\express\fundo-notes-project\node_modules\express\lib\router\layer.js:95:5)
    at next (E:\express\fundo-notes-project\node_modules\express\lib\router\route.js:144:13)
    at Route.dispatch (E:\express\fundo-notes-project\node_modules\express\lib\router\route.js:114:3)
    at Layer.handle [as handle_request] (E:\express\fundo-notes-project\node_modules\express\lib\router\layer.js:95:5)
    at E:\express\fundo-notes-project\node_modules\express\lib\router\index.js:284:15
    at param (E:\express\fundo-notes-project\node_modules\express\lib\router\index.js:365:14)
    at param (E:\express\fundo-notes-project\node_modules\express\lib\router\index.js:376:14)
    at Function.process_params (E:\express\fundo-notes-project\node_modules\express\lib\router\index.js:421:3)
    at next (E:\express\fundo-notes-project\node_modules\express\lib\router\index.js:280:10)
    at Function.handle (E:\express\fundo-notes-project\node_modules\express\lib\router\index.js:175:3)
    at router (E:\express\fundo-notes-project\node_modules\express\lib\router\index.js:47:12)
    at Layer.handle [as handle_request] (E:\express\fundo-notes-project\node_modules\express\lib\router\layer.js:95:5)
    at trim_prefix (E:\express\fundo-notes-project\node_modules\express\lib\router\index.js:328:13)
    at E:\express\fundo-notes-project\node_modules\express\lib\router\index.js:286:9
    at Function.process_params (E:\express\fundo-notes-project\node_modules\express\lib\router\index.js:346:12) 
    url - /api/v1/notes/638096170833c93ba4254860 
    method - PUT 
    IP - ::1
   {"timestamp":"2022-11-25T12:04:53.287Z"}
error: 
    status - 500 
    message - ReferenceError: HttpStatus is not defined
    at newNotesValidator (E:\express\fundo-notes-project\src\validators\/notes.validator.js:15:20)
    at Layer.handle [as handle_request] (E:\express\fundo-notes-project\node_modules\express\lib\router\layer.js:95:5)
    at next (E:\express\fundo-notes-project\node_modules\express\lib\router\route.js:144:13)
    at Route.dispatch (E:\express\fundo-notes-project\node_modules\express\lib\router\route.js:114:3)
    at Layer.handle [as handle_request] (E:\express\fundo-notes-project\node_modules\express\lib\router\layer.js:95:5)
    at E:\express\fundo-notes-project\node_modules\express\lib\router\index.js:284:15
    at param (E:\express\fundo-notes-project\node_modules\express\lib\router\index.js:365:14)
    at param (E:\express\fundo-notes-project\node_modules\express\lib\router\index.js:376:14)
    at Function.process_params (E:\express\fundo-notes-project\node_modules\express\lib\router\index.js:421:3)
    at next (E:\express\fundo-notes-project\node_modules\express\lib\router\index.js:280:10)
    at Function.handle (E:\express\fundo-notes-project\node_modules\express\lib\router\index.js:175:3)
    at router (E:\express\fundo-notes-project\node_modules\express\lib\router\index.js:47:12)
    at Layer.handle [as handle_request] (E:\express\fundo-notes-project\node_modules\express\lib\router\layer.js:95:5)
    at trim_prefix (E:\express\fundo-notes-project\node_modules\express\lib\router\index.js:328:13)
    at E:\express\fundo-notes-project\node_modules\express\lib\router\index.js:286:9
    at Function.process_params (E:\express\fundo-notes-project\node_modules\express\lib\router\index.js:346:12) 
    url - /api/v1/notes/638096170833c93ba4254860 
    method - PUT 
    IP - ::1
   {"timestamp":"2022-11-25T12:05:43.120Z"}
error: 
    status - 500 
    message - ReferenceError: HttpStatus is not defined
    at newNotesValidator (E:\express\fundo-notes-project\src\validators\/notes.validator.js:15:20)
    at Layer.handle [as handle_request] (E:\express\fundo-notes-project\node_modules\express\lib\router\layer.js:95:5)
    at next (E:\express\fundo-notes-project\node_modules\express\lib\router\route.js:144:13)
    at Route.dispatch (E:\express\fundo-notes-project\node_modules\express\lib\router\route.js:114:3)
    at Layer.handle [as handle_request] (E:\express\fundo-notes-project\node_modules\express\lib\router\layer.js:95:5)
    at E:\express\fundo-notes-project\node_modules\express\lib\router\index.js:284:15
    at param (E:\express\fundo-notes-project\node_modules\express\lib\router\index.js:365:14)
    at param (E:\express\fundo-notes-project\node_modules\express\lib\router\index.js:376:14)
    at Function.process_params (E:\express\fundo-notes-project\node_modules\express\lib\router\index.js:421:3)
    at next (E:\express\fundo-notes-project\node_modules\express\lib\router\index.js:280:10)
    at Function.handle (E:\express\fundo-notes-project\node_modules\express\lib\router\index.js:175:3)
    at router (E:\express\fundo-notes-project\node_modules\express\lib\router\index.js:47:12)
    at Layer.handle [as handle_request] (E:\express\fundo-notes-project\node_modules\express\lib\router\layer.js:95:5)
    at trim_prefix (E:\express\fundo-notes-project\node_modules\express\lib\router\index.js:328:13)
    at E:\express\fundo-notes-project\node_modules\express\lib\router\index.js:286:9
    at Function.process_params (E:\express\fundo-notes-project\node_modules\express\lib\router\index.js:346:12) 
    url - /api/v1/notes/638096170833c93ba4254860 
    method - PUT 
    IP - ::1
   {"timestamp":"2022-11-25T12:06:18.879Z"}
error: 
    status - 500 
    message - ReferenceError: HttpStatus is not defined
    at newNotesValidator (E:\express\fundo-notes-project\src\validators\/notes.validator.js:15:20)
    at Layer.handle [as handle_request] (E:\express\fundo-notes-project\node_modules\express\lib\router\layer.js:95:5)
    at next (E:\express\fundo-notes-project\node_modules\express\lib\router\route.js:144:13)
    at Route.dispatch (E:\express\fundo-notes-project\node_modules\express\lib\router\route.js:114:3)
    at Layer.handle [as handle_request] (E:\express\fundo-notes-project\node_modules\express\lib\router\layer.js:95:5)
    at E:\express\fundo-notes-project\node_modules\express\lib\router\index.js:284:15
    at param (E:\express\fundo-notes-project\node_modules\express\lib\router\index.js:365:14)
    at param (E:\express\fundo-notes-project\node_modules\express\lib\router\index.js:376:14)
    at Function.process_params (E:\express\fundo-notes-project\node_modules\express\lib\router\index.js:421:3)
    at next (E:\express\fundo-notes-project\node_modules\express\lib\router\index.js:280:10)
    at Function.handle (E:\express\fundo-notes-project\node_modules\express\lib\router\index.js:175:3)
    at router (E:\express\fundo-notes-project\node_modules\express\lib\router\index.js:47:12)
    at Layer.handle [as handle_request] (E:\express\fundo-notes-project\node_modules\express\lib\router\layer.js:95:5)
    at trim_prefix (E:\express\fundo-notes-project\node_modules\express\lib\router\index.js:328:13)
    at E:\express\fundo-notes-project\node_modules\express\lib\router\index.js:286:9
    at Function.process_params (E:\express\fundo-notes-project\node_modules\express\lib\router\index.js:346:12) 
    url - /api/v1/notes/638096170833c93ba4254860 
    method - PUT 
    IP - ::1
   {"timestamp":"2022-11-25T12:06:27.209Z"}
error: 
    status - 500 
    message - ReferenceError: HttpStatus is not defined
    at newNotesValidator (E:\express\fundo-notes-project\src\validators\/notes.validator.js:15:20)
    at Layer.handle [as handle_request] (E:\express\fundo-notes-project\node_modules\express\lib\router\layer.js:95:5)
    at next (E:\express\fundo-notes-project\node_modules\express\lib\router\route.js:144:13)
    at Route.dispatch (E:\express\fundo-notes-project\node_modules\express\lib\router\route.js:114:3)
    at Layer.handle [as handle_request] (E:\express\fundo-notes-project\node_modules\express\lib\router\layer.js:95:5)
    at E:\express\fundo-notes-project\node_modules\express\lib\router\index.js:284:15
    at param (E:\express\fundo-notes-project\node_modules\express\lib\router\index.js:365:14)
    at param (E:\express\fundo-notes-project\node_modules\express\lib\router\index.js:376:14)
    at Function.process_params (E:\express\fundo-notes-project\node_modules\express\lib\router\index.js:421:3)
    at next (E:\express\fundo-notes-project\node_modules\express\lib\router\index.js:280:10)
    at Function.handle (E:\express\fundo-notes-project\node_modules\express\lib\router\index.js:175:3)
    at router (E:\express\fundo-notes-project\node_modules\express\lib\router\index.js:47:12)
    at Layer.handle [as handle_request] (E:\express\fundo-notes-project\node_modules\express\lib\router\layer.js:95:5)
    at trim_prefix (E:\express\fundo-notes-project\node_modules\express\lib\router\index.js:328:13)
    at E:\express\fundo-notes-project\node_modules\express\lib\router\index.js:286:9
    at Function.process_params (E:\express\fundo-notes-project\node_modules\express\lib\router\index.js:346:12) 
    url - /api/v1/notes/638096170833c93ba4254860 
    method - PUT 
    IP - ::1
   {"timestamp":"2022-11-25T12:06:28.411Z"}
info: Server started at http://localhost:3000/api/v1/ {"timestamp":"2022-11-25T12:06:40.121Z"}
info: Connected to the database. {"timestamp":"2022-11-25T12:06:49.456Z"}
info: Server started at http://localhost:3000/api/v1/ {"timestamp":"2022-11-25T12:07:46.397Z"}
info: Connected to the database. {"timestamp":"2022-11-25T12:07:55.334Z"}
info: Server started at http://localhost:3000/api/v1/ {"timestamp":"2022-11-25T12:08:53.881Z"}
info: Connected to the database. {"timestamp":"2022-11-25T12:09:02.989Z"}
info: Server started at http://localhost:3000/api/v1/ {"timestamp":"2022-11-25T16:19:13.513Z"}
info: Connected to the database. {"timestamp":"2022-11-25T16:19:22.988Z"}
info: Server started at http://localhost:3000/api/v1/ {"timestamp":"2022-11-25T16:31:38.821Z"}
error: 
    status - 500 
    message - MongooseError: Operation `users.find()` buffering timed out after 10000ms
    at Timeout.<anonymous> (E:\express\fundo-notes-project\node_modules\mongoose\lib\drivers\node-mongodb-native\collection.js:198:23)
    at listOnTimeout (node:internal/timers:559:17)
    at processTimers (node:internal/timers:502:7) 
    url - /api/v1/users/forgotpwd 
    method - POST 
    IP - ::1
   {"timestamp":"2022-11-25T16:31:52.849Z"}
info: Connected to the database. {"timestamp":"2022-11-25T16:31:52.899Z"}
info: Server started at http://localhost:3000/api/v1/ {"timestamp":"2022-11-25T16:50:10.958Z"}
info: Connected to the database. {"timestamp":"2022-11-25T16:50:19.953Z"}
info: Server started at http://localhost:3000/api/v1/ {"timestamp":"2022-11-25T16:52:16.226Z"}
info: Connected to the database. {"timestamp":"2022-11-25T16:52:25.115Z"}
info: Server started at http://localhost:3000/api/v1/ {"timestamp":"2022-11-25T16:58:12.133Z"}
info: Connected to the database. {"timestamp":"2022-11-25T16:58:21.099Z"}
