info: Server started at http://localhost:3000/api/v1/ {"timestamp":"2022-11-15T02:30:34.036Z"}
info: Connected to the database. {"timestamp":"2022-11-15T02:30:34.098Z"}
info: Server started at http://localhost:3000/api/v1/ {"timestamp":"2022-11-15T02:58:53.469Z"}
info: Connected to the database. {"timestamp":"2022-11-15T02:58:53.494Z"}
info: Server started at http://localhost:3000/api/v1/ {"timestamp":"2022-11-15T03:09:17.203Z"}
info: Connected to the database. {"timestamp":"2022-11-15T03:09:17.232Z"}
info: Server started at http://localhost:3000/api/v1/ {"timestamp":"2022-11-15T03:10:02.219Z"}
info: Connected to the database. {"timestamp":"2022-11-15T03:10:02.258Z"}
info: Server started at http://localhost:3000/api/v1/ {"timestamp":"2022-11-15T03:11:21.915Z"}
info: Connected to the database. {"timestamp":"2022-11-15T03:11:21.945Z"}
error: 
    status - 500 
    message - ValidationError: "Descreption" is required 
    url - /api/v1/notes/addnote 
    method - POST 
    IP - ::1
   {"timestamp":"2022-11-15T03:11:26.645Z"}
info: Server started at http://localhost:3000/api/v1/ {"timestamp":"2022-11-15T03:18:07.460Z"}
info: Connected to the database. {"timestamp":"2022-11-15T03:18:07.491Z"}
info: Server started at http://localhost:3000/api/v1/ {"timestamp":"2022-11-15T03:19:34.675Z"}
info: Connected to the database. {"timestamp":"2022-11-15T03:19:34.700Z"}
info: Server started at http://localhost:3000/api/v1/ {"timestamp":"2022-11-15T03:20:07.541Z"}
info: Connected to the database. {"timestamp":"2022-11-15T03:20:07.568Z"}
info: Server started at http://localhost:3000/api/v1/ {"timestamp":"2022-11-15T03:35:46.770Z"}
info: Connected to the database. {"timestamp":"2022-11-15T03:35:46.797Z"}
info: Server started at http://localhost:3000/api/v1/ {"timestamp":"2022-11-15T03:43:15.698Z"}
info: Connected to the database. {"timestamp":"2022-11-15T03:43:15.722Z"}
info: Server started at http://localhost:3000/api/v1/ {"timestamp":"2022-11-15T03:47:15.351Z"}
info: Connected to the database. {"timestamp":"2022-11-15T03:47:15.535Z"}
info: Server started at http://localhost:3000/api/v1/ {"timestamp":"2022-11-15T03:49:03.966Z"}
info: Connected to the database. {"timestamp":"2022-11-15T03:49:03.998Z"}
info: Server started at http://localhost:3000/api/v1/ {"timestamp":"2022-11-15T03:49:13.782Z"}
info: Connected to the database. {"timestamp":"2022-11-15T03:49:13.835Z"}
info: Server started at http://localhost:3000/api/v1/ {"timestamp":"2022-11-15T03:49:30.452Z"}
info: Connected to the database. {"timestamp":"2022-11-15T03:49:30.475Z"}
info: Server started at http://localhost:3000/api/v1/ {"timestamp":"2022-11-15T03:49:54.298Z"}
info: Connected to the database. {"timestamp":"2022-11-15T03:49:54.321Z"}
info: Server started at http://localhost:3000/api/v1/ {"timestamp":"2022-11-15T03:50:08.465Z"}
info: Connected to the database. {"timestamp":"2022-11-15T03:50:08.494Z"}
error: 
    status - 500 
    message - ReferenceError: HttpStatus is not defined
    at newNotesValidator (E:\express\fundo-notes-project\src\validators\/notes.validator.js:11:20)
    at Layer.handle [as handle_request] (E:\express\fundo-notes-project\node_modules\express\lib\router\layer.js:95:5)
    at next (E:\express\fundo-notes-project\node_modules\express\lib\router\route.js:144:13)
    at Route.dispatch (E:\express\fundo-notes-project\node_modules\express\lib\router\route.js:114:3)
    at Layer.handle [as handle_request] (E:\express\fundo-notes-project\node_modules\express\lib\router\layer.js:95:5)
    at E:\express\fundo-notes-project\node_modules\express\lib\router\index.js:284:15
    at Function.process_params (E:\express\fundo-notes-project\node_modules\express\lib\router\index.js:346:12)
    at next (E:\express\fundo-notes-project\node_modules\express\lib\router\index.js:280:10)
    at Function.handle (E:\express\fundo-notes-project\node_modules\express\lib\router\index.js:175:3)
    at router (E:\express\fundo-notes-project\node_modules\express\lib\router\index.js:47:12)
    at Layer.handle [as handle_request] (E:\express\fundo-notes-project\node_modules\express\lib\router\layer.js:95:5)
    at trim_prefix (E:\express\fundo-notes-project\node_modules\express\lib\router\index.js:328:13)
    at E:\express\fundo-notes-project\node_modules\express\lib\router\index.js:286:9
    at Function.process_params (E:\express\fundo-notes-project\node_modules\express\lib\router\index.js:346:12)
    at next (E:\express\fundo-notes-project\node_modules\express\lib\router\index.js:280:10)
    at Function.handle (E:\express\fundo-notes-project\node_modules\express\lib\router\index.js:175:3)
    at router (E:\express\fundo-notes-project\node_modules\express\lib\router\index.js:47:12)
    at Layer.handle [as handle_request] (E:\express\fundo-notes-project\node_modules\express\lib\router\layer.js:95:5)
    at trim_prefix (E:\express\fundo-notes-project\node_modules\express\lib\router\index.js:328:13)
    at E:\express\fundo-notes-project\node_modules\express\lib\router\index.js:286:9
    at Function.process_params (E:\express\fundo-notes-project\node_modules\express\lib\router\index.js:346:12)
    at next (E:\express\fundo-notes-project\node_modules\express\lib\router\index.js:280:10)
    at logger (E:\express\fundo-notes-project\node_modules\morgan\index.js:144:5)
    at Layer.handle [as handle_request] (E:\express\fundo-notes-project\node_modules\express\lib\router\layer.js:95:5)
    at trim_prefix (E:\express\fundo-notes-project\node_modules\express\lib\router\index.js:328:13)
    at E:\express\fundo-notes-project\node_modules\express\lib\router\index.js:286:9
    at Function.process_params (E:\express\fundo-notes-project\node_modules\express\lib\router\index.js:346:12)
    at next (E:\express\fundo-notes-project\node_modules\express\lib\router\index.js:280:10)
    at E:\express\fundo-notes-project\node_modules\body-parser\lib\read.js:137:5
    at AsyncResource.runInAsyncScope (node:async_hooks:203:9)
    at invokeCallback (E:\express\fundo-notes-project\node_modules\raw-body\index.js:231:16)
    at done (E:\express\fundo-notes-project\node_modules\raw-body\index.js:220:7)
    at IncomingMessage.onEnd (E:\express\fundo-notes-project\node_modules\raw-body\index.js:280:7)
    at IncomingMessage.emit (node:events:525:35)
    at IncomingMessage.emit (node:domain:489:12)
    at endReadableNT (node:internal/streams/readable:1358:12)
    at processTicksAndRejections (node:internal/process/task_queues:83:21) 
    url - /api/v1/notes 
    method - POST 
    IP - ::1
   {"timestamp":"2022-11-15T03:50:23.030Z"}
info: Server started at http://localhost:3000/api/v1/ {"timestamp":"2022-11-15T04:30:40.164Z"}
info: Connected to the database. {"timestamp":"2022-11-15T04:30:40.258Z"}
info: Server started at http://localhost:3000/api/v1/ {"timestamp":"2022-11-15T04:56:21.727Z"}
info: Connected to the database. {"timestamp":"2022-11-15T04:56:21.750Z"}
info: Server started at http://localhost:3000/api/v1/ {"timestamp":"2022-11-15T05:00:26.854Z"}
info: Connected to the database. {"timestamp":"2022-11-15T05:00:26.879Z"}
info: Server started at http://localhost:3000/api/v1/ {"timestamp":"2022-11-15T05:09:24.213Z"}
info: Connected to the database. {"timestamp":"2022-11-15T05:09:24.237Z"}
info: Server started at http://localhost:3000/api/v1/ {"timestamp":"2022-11-15T05:27:01.317Z"}
info: Connected to the database. {"timestamp":"2022-11-15T05:27:01.383Z"}
info: Server started at http://localhost:3000/api/v1/ {"timestamp":"2022-11-15T05:37:23.707Z"}
info: Connected to the database. {"timestamp":"2022-11-15T05:37:23.736Z"}
info: Server started at http://localhost:3000/api/v1/ {"timestamp":"2022-11-15T05:55:08.487Z"}
info: Connected to the database. {"timestamp":"2022-11-15T05:55:08.510Z"}
info: Server started at http://localhost:3000/api/v1/ {"timestamp":"2022-11-15T05:55:49.224Z"}
info: Connected to the database. {"timestamp":"2022-11-15T05:55:49.259Z"}
