info: Server started at http://localhost:3000/api/v1/ {"timestamp":"2022-11-28T10:59:36.037Z"}
info: Connected to the database. {"timestamp":"2022-11-28T10:59:45.628Z"}
info: Server started at http://localhost:3000/api/v1/ {"timestamp":"2022-11-28T11:00:00.197Z"}
info: Connected to the database. {"timestamp":"2022-11-28T11:00:08.686Z"}
info: Server started at http://localhost:3000/api/v1/ {"timestamp":"2022-11-28T11:01:29.302Z"}
info: Server started at http://localhost:3000/api/v1/ {"timestamp":"2022-11-28T11:01:37.701Z"}
info: Connected to the database. {"timestamp":"2022-11-28T11:01:47.226Z"}
info: Server started at http://localhost:3000/api/v1/ {"timestamp":"2022-11-28T11:01:56.602Z"}
info: Server started at http://localhost:3000/api/v1/ {"timestamp":"2022-11-28T11:02:07.614Z"}
info: Connected to the database. {"timestamp":"2022-11-28T11:02:16.019Z"}
info: Server started at http://localhost:3000/api/v1/ {"timestamp":"2022-11-28T11:04:39.914Z"}
info: Connected to the database. {"timestamp":"2022-11-28T11:04:49.219Z"}
info: Server started at http://localhost:3000/api/v1/ {"timestamp":"2022-11-28T11:08:49.528Z"}
info: Connected to the database. {"timestamp":"2022-11-28T11:08:58.266Z"}
info: Server started at http://localhost:3000/api/v1/ {"timestamp":"2022-11-28T11:12:14.177Z"}
info: Connected to the database. {"timestamp":"2022-11-28T11:12:23.063Z"}
info: Server started at http://localhost:3000/api/v1/ {"timestamp":"2022-11-28T11:14:38.704Z"}
info: Connected to the database. {"timestamp":"2022-11-28T11:14:47.597Z"}
info: Server started at http://localhost:3000/api/v1/ {"timestamp":"2022-11-28T11:18:25.223Z"}
info: Connected to the database. {"timestamp":"2022-11-28T11:18:34.287Z"}
info: Server started at http://localhost:3000/api/v1/ {"timestamp":"2022-11-28T11:21:23.937Z"}
info: Connected to the database. {"timestamp":"2022-11-28T11:21:32.863Z"}
info: Server started at http://localhost:3000/api/v1/ {"timestamp":"2022-11-28T11:32:02.114Z"}
info: Connected to the database. {"timestamp":"2022-11-28T11:32:10.932Z"}
info: Server started at http://localhost:3000/api/v1/ {"timestamp":"2022-11-28T11:33:53.729Z"}
info: Connected to the database. {"timestamp":"2022-11-28T11:34:02.585Z"}
info: Server started at http://localhost:3000/api/v1/ {"timestamp":"2022-11-28T11:39:34.986Z"}
info: Connected to the database. {"timestamp":"2022-11-28T11:39:44.841Z"}
info: Server started at http://localhost:3000/api/v1/ {"timestamp":"2022-11-28T12:00:48.805Z"}
info: Connected to the database. {"timestamp":"2022-11-28T12:00:58.321Z"}
info: Server started at http://localhost:3000/api/v1/ {"timestamp":"2022-11-28T12:01:18.978Z"}
info: Connected to the database. {"timestamp":"2022-11-28T12:01:27.042Z"}
info: Server started at http://localhost:3000/api/v1/ {"timestamp":"2022-11-28T12:02:13.870Z"}
info: Connected to the database. {"timestamp":"2022-11-28T12:02:23.014Z"}
info: Server started at http://localhost:3000/api/v1/ {"timestamp":"2022-11-28T12:06:04.661Z"}
info: Server started at http://localhost:3000/api/v1/ {"timestamp":"2022-11-28T12:06:12.409Z"}
info: Connected to the database. {"timestamp":"2022-11-28T12:06:21.223Z"}
info: Server started at http://localhost:3000/api/v1/ {"timestamp":"2022-11-28T12:07:09.954Z"}
info: Connected to the database. {"timestamp":"2022-11-28T12:07:18.337Z"}
info: Server started at http://localhost:3000/api/v1/ {"timestamp":"2022-11-28T12:07:53.214Z"}
info: Connected to the database. {"timestamp":"2022-11-28T12:08:01.950Z"}
info: Server started at http://localhost:3000/api/v1/ {"timestamp":"2022-11-28T12:09:27.419Z"}
info: Connected to the database. {"timestamp":"2022-11-28T12:09:36.582Z"}
info: Server started at http://localhost:3000/api/v1/ {"timestamp":"2022-11-28T12:10:58.098Z"}
info: Connected to the database. {"timestamp":"2022-11-28T12:11:06.973Z"}
info: Server started at http://localhost:3000/api/v1/ {"timestamp":"2022-11-28T12:17:24.716Z"}
error: Could not connect to the database. querySrv ECONNREFUSED _mongodb._tcp.demo.aoloa.mongodb.net {"code":"ECONNREFUSED","hostname":"_mongodb._tcp.demo.aoloa.mongodb.net","stack":"Error: querySrv ECONNREFUSED _mongodb._tcp.demo.aoloa.mongodb.net\n    at QueryReqWrap.onresolve [as oncomplete] (node:dns:279:19)","syscall":"querySrv","timestamp":"2022-11-28T12:17:24.782Z"}
info: Server started at http://localhost:3000/api/v1/ {"timestamp":"2022-11-28T12:19:12.137Z"}
info: Server started at http://localhost:3000/api/v1/ {"timestamp":"2022-11-28T12:19:31.951Z"}
info: Connected to the database. {"timestamp":"2022-11-28T12:19:41.484Z"}
info: Server started at http://localhost:3000/api/v1/ {"timestamp":"2022-11-28T12:20:18.289Z"}
info: Connected to the database. {"timestamp":"2022-11-28T12:20:23.950Z"}
info: Server started at http://localhost:3000/api/v1/ {"timestamp":"2022-11-28T12:20:58.610Z"}
info: Connected to the database. {"timestamp":"2022-11-28T12:21:07.533Z"}
info: Server started at http://localhost:3000/api/v1/ {"timestamp":"2022-11-28T12:21:55.357Z"}
info: Connected to the database. {"timestamp":"2022-11-28T12:22:01.047Z"}
info: Server started at http://localhost:3000/api/v1/ {"timestamp":"2022-11-28T12:22:11.238Z"}
info: Connected to the database. {"timestamp":"2022-11-28T12:22:20.186Z"}
info: Server started at http://localhost:3000/api/v1/ {"timestamp":"2022-11-28T12:23:29.818Z"}
info: Connected to the database. {"timestamp":"2022-11-28T12:23:38.800Z"}
info: Server started at http://localhost:3000/api/v1/ {"timestamp":"2022-11-28T12:25:24.114Z"}
info: Connected to the database. {"timestamp":"2022-11-28T12:25:34.393Z"}
info: Server started at http://localhost:3000/api/v1/ {"timestamp":"2022-11-28T12:26:14.555Z"}
info: Connected to the database. {"timestamp":"2022-11-28T12:26:23.453Z"}
info: Server started at http://localhost:3000/api/v1/ {"timestamp":"2022-11-28T12:28:44.045Z"}
info: Connected to the database. {"timestamp":"2022-11-28T12:28:53.350Z"}
error: 
    status - 500 
    message - ReferenceError: HttpStatus is not defined
    at newNotesValidator (E:\express\fundo-notes-project\src\validators\/notes.validator.js:15:20)
    at Layer.handle [as handle_request] (E:\express\fundo-notes-project\node_modules\express\lib\router\layer.js:95:5)
    at next (E:\express\fundo-notes-project\node_modules\express\lib\router\route.js:144:13)
    at Route.dispatch (E:\express\fundo-notes-project\node_modules\express\lib\router\route.js:114:3)
    at Layer.handle [as handle_request] (E:\express\fundo-notes-project\node_modules\express\lib\router\layer.js:95:5)
    at E:\express\fundo-notes-project\node_modules\express\lib\router\index.js:284:15
    at Function.process_params (E:\express\fundo-notes-project\node_modules\express\lib\router\index.js:346:12)
    at next (E:\express\fundo-notes-project\node_modules\express\lib\router\index.js:280:10)
    at Function.handle (E:\express\fundo-notes-project\node_modules\express\lib\router\index.js:175:3)
    at router (E:\express\fundo-notes-project\node_modules\express\lib\router\index.js:47:12)
    at Layer.handle [as handle_request] (E:\express\fundo-notes-project\node_modules\express\lib\router\layer.js:95:5)
    at trim_prefix (E:\express\fundo-notes-project\node_modules\express\lib\router\index.js:328:13)
    at E:\express\fundo-notes-project\node_modules\express\lib\router\index.js:286:9
    at Function.process_params (E:\express\fundo-notes-project\node_modules\express\lib\router\index.js:346:12)
    at next (E:\express\fundo-notes-project\node_modules\express\lib\router\index.js:280:10)
    at Function.handle (E:\express\fundo-notes-project\node_modules\express\lib\router\index.js:175:3)
    at router (E:\express\fundo-notes-project\node_modules\express\lib\router\index.js:47:12)
    at Layer.handle [as handle_request] (E:\express\fundo-notes-project\node_modules\express\lib\router\layer.js:95:5)
    at trim_prefix (E:\express\fundo-notes-project\node_modules\express\lib\router\index.js:328:13)
    at E:\express\fundo-notes-project\node_modules\express\lib\router\index.js:286:9
    at Function.process_params (E:\express\fundo-notes-project\node_modules\express\lib\router\index.js:346:12)
    at next (E:\express\fundo-notes-project\node_modules\express\lib\router\index.js:280:10)
    at logger (E:\express\fundo-notes-project\node_modules\morgan\index.js:144:5)
    at Layer.handle [as handle_request] (E:\express\fundo-notes-project\node_modules\express\lib\router\layer.js:95:5)
    at trim_prefix (E:\express\fundo-notes-project\node_modules\express\lib\router\index.js:328:13)
    at E:\express\fundo-notes-project\node_modules\express\lib\router\index.js:286:9
    at Function.process_params (E:\express\fundo-notes-project\node_modules\express\lib\router\index.js:346:12)
    at next (E:\express\fundo-notes-project\node_modules\express\lib\router\index.js:280:10)
    at E:\express\fundo-notes-project\node_modules\body-parser\lib\read.js:137:5
    at AsyncResource.runInAsyncScope (node:async_hooks:203:9)
    at invokeCallback (E:\express\fundo-notes-project\node_modules\raw-body\index.js:231:16)
    at done (E:\express\fundo-notes-project\node_modules\raw-body\index.js:220:7)
    at IncomingMessage.onEnd (E:\express\fundo-notes-project\node_modules\raw-body\index.js:280:7)
    at IncomingMessage.emit (node:events:525:35)
    at IncomingMessage.emit (node:domain:489:12)
    at endReadableNT (node:internal/streams/readable:1358:12)
    at processTicksAndRejections (node:internal/process/task_queues:83:21) 
    url - /api/v1/notes 
    method - POST 
    IP - ::1
   {"timestamp":"2022-11-28T12:29:07.564Z"}
error: 
    status - 500 
    message - ReferenceError: HttpStatus is not defined
    at newNotesValidator (E:\express\fundo-notes-project\src\validators\/notes.validator.js:15:20)
    at Layer.handle [as handle_request] (E:\express\fundo-notes-project\node_modules\express\lib\router\layer.js:95:5)
    at next (E:\express\fundo-notes-project\node_modules\express\lib\router\route.js:144:13)
    at Route.dispatch (E:\express\fundo-notes-project\node_modules\express\lib\router\route.js:114:3)
    at Layer.handle [as handle_request] (E:\express\fundo-notes-project\node_modules\express\lib\router\layer.js:95:5)
    at E:\express\fundo-notes-project\node_modules\express\lib\router\index.js:284:15
    at Function.process_params (E:\express\fundo-notes-project\node_modules\express\lib\router\index.js:346:12)
    at next (E:\express\fundo-notes-project\node_modules\express\lib\router\index.js:280:10)
    at Function.handle (E:\express\fundo-notes-project\node_modules\express\lib\router\index.js:175:3)
    at router (E:\express\fundo-notes-project\node_modules\express\lib\router\index.js:47:12)
    at Layer.handle [as handle_request] (E:\express\fundo-notes-project\node_modules\express\lib\router\layer.js:95:5)
    at trim_prefix (E:\express\fundo-notes-project\node_modules\express\lib\router\index.js:328:13)
    at E:\express\fundo-notes-project\node_modules\express\lib\router\index.js:286:9
    at Function.process_params (E:\express\fundo-notes-project\node_modules\express\lib\router\index.js:346:12)
    at next (E:\express\fundo-notes-project\node_modules\express\lib\router\index.js:280:10)
    at Function.handle (E:\express\fundo-notes-project\node_modules\express\lib\router\index.js:175:3)
    at router (E:\express\fundo-notes-project\node_modules\express\lib\router\index.js:47:12)
    at Layer.handle [as handle_request] (E:\express\fundo-notes-project\node_modules\express\lib\router\layer.js:95:5)
    at trim_prefix (E:\express\fundo-notes-project\node_modules\express\lib\router\index.js:328:13)
    at E:\express\fundo-notes-project\node_modules\express\lib\router\index.js:286:9
    at Function.process_params (E:\express\fundo-notes-project\node_modules\express\lib\router\index.js:346:12)
    at next (E:\express\fundo-notes-project\node_modules\express\lib\router\index.js:280:10)
    at logger (E:\express\fundo-notes-project\node_modules\morgan\index.js:144:5)
    at Layer.handle [as handle_request] (E:\express\fundo-notes-project\node_modules\express\lib\router\layer.js:95:5)
    at trim_prefix (E:\express\fundo-notes-project\node_modules\express\lib\router\index.js:328:13)
    at E:\express\fundo-notes-project\node_modules\express\lib\router\index.js:286:9
    at Function.process_params (E:\express\fundo-notes-project\node_modules\express\lib\router\index.js:346:12)
    at next (E:\express\fundo-notes-project\node_modules\express\lib\router\index.js:280:10)
    at E:\express\fundo-notes-project\node_modules\body-parser\lib\read.js:137:5
    at AsyncResource.runInAsyncScope (node:async_hooks:203:9)
    at invokeCallback (E:\express\fundo-notes-project\node_modules\raw-body\index.js:231:16)
    at done (E:\express\fundo-notes-project\node_modules\raw-body\index.js:220:7)
    at IncomingMessage.onEnd (E:\express\fundo-notes-project\node_modules\raw-body\index.js:280:7)
    at IncomingMessage.emit (node:events:525:35)
    at IncomingMessage.emit (node:domain:489:12)
    at endReadableNT (node:internal/streams/readable:1358:12)
    at processTicksAndRejections (node:internal/process/task_queues:83:21) 
    url - /api/v1/notes 
    method - POST 
    IP - ::1
   {"timestamp":"2022-11-28T12:29:11.520Z"}
error: 
    status - 500 
    message - ReferenceError: HttpStatus is not defined
    at newNotesValidator (E:\express\fundo-notes-project\src\validators\/notes.validator.js:15:20)
    at Layer.handle [as handle_request] (E:\express\fundo-notes-project\node_modules\express\lib\router\layer.js:95:5)
    at next (E:\express\fundo-notes-project\node_modules\express\lib\router\route.js:144:13)
    at Route.dispatch (E:\express\fundo-notes-project\node_modules\express\lib\router\route.js:114:3)
    at Layer.handle [as handle_request] (E:\express\fundo-notes-project\node_modules\express\lib\router\layer.js:95:5)
    at E:\express\fundo-notes-project\node_modules\express\lib\router\index.js:284:15
    at Function.process_params (E:\express\fundo-notes-project\node_modules\express\lib\router\index.js:346:12)
    at next (E:\express\fundo-notes-project\node_modules\express\lib\router\index.js:280:10)
    at Function.handle (E:\express\fundo-notes-project\node_modules\express\lib\router\index.js:175:3)
    at router (E:\express\fundo-notes-project\node_modules\express\lib\router\index.js:47:12)
    at Layer.handle [as handle_request] (E:\express\fundo-notes-project\node_modules\express\lib\router\layer.js:95:5)
    at trim_prefix (E:\express\fundo-notes-project\node_modules\express\lib\router\index.js:328:13)
    at E:\express\fundo-notes-project\node_modules\express\lib\router\index.js:286:9
    at Function.process_params (E:\express\fundo-notes-project\node_modules\express\lib\router\index.js:346:12)
    at next (E:\express\fundo-notes-project\node_modules\express\lib\router\index.js:280:10)
    at Function.handle (E:\express\fundo-notes-project\node_modules\express\lib\router\index.js:175:3)
    at router (E:\express\fundo-notes-project\node_modules\express\lib\router\index.js:47:12)
    at Layer.handle [as handle_request] (E:\express\fundo-notes-project\node_modules\express\lib\router\layer.js:95:5)
    at trim_prefix (E:\express\fundo-notes-project\node_modules\express\lib\router\index.js:328:13)
    at E:\express\fundo-notes-project\node_modules\express\lib\router\index.js:286:9
    at Function.process_params (E:\express\fundo-notes-project\node_modules\express\lib\router\index.js:346:12)
    at next (E:\express\fundo-notes-project\node_modules\express\lib\router\index.js:280:10)
    at logger (E:\express\fundo-notes-project\node_modules\morgan\index.js:144:5)
    at Layer.handle [as handle_request] (E:\express\fundo-notes-project\node_modules\express\lib\router\layer.js:95:5)
    at trim_prefix (E:\express\fundo-notes-project\node_modules\express\lib\router\index.js:328:13)
    at E:\express\fundo-notes-project\node_modules\express\lib\router\index.js:286:9
    at Function.process_params (E:\express\fundo-notes-project\node_modules\express\lib\router\index.js:346:12)
    at next (E:\express\fundo-notes-project\node_modules\express\lib\router\index.js:280:10)
    at E:\express\fundo-notes-project\node_modules\body-parser\lib\read.js:137:5
    at AsyncResource.runInAsyncScope (node:async_hooks:203:9)
    at invokeCallback (E:\express\fundo-notes-project\node_modules\raw-body\index.js:231:16)
    at done (E:\express\fundo-notes-project\node_modules\raw-body\index.js:220:7)
    at IncomingMessage.onEnd (E:\express\fundo-notes-project\node_modules\raw-body\index.js:280:7)
    at IncomingMessage.emit (node:events:525:35)
    at IncomingMessage.emit (node:domain:489:12)
    at endReadableNT (node:internal/streams/readable:1358:12)
    at processTicksAndRejections (node:internal/process/task_queues:83:21) 
    url - /api/v1/notes 
    method - POST 
    IP - ::1
   {"timestamp":"2022-11-28T12:29:20.083Z"}
info: Server started at http://localhost:3000/api/v1/ {"timestamp":"2022-11-28T12:30:29.067Z"}
info: Connected to the database. {"timestamp":"2022-11-28T12:30:38.148Z"}
info: Server started at http://localhost:3000/api/v1/ {"timestamp":"2022-11-28T12:31:55.590Z"}
info: Connected to the database. {"timestamp":"2022-11-28T12:32:04.527Z"}
info: Server started at http://localhost:3000/api/v1/ {"timestamp":"2022-11-28T12:40:22.312Z"}
info: Connected to the database. {"timestamp":"2022-11-28T12:40:31.164Z"}
info: Server started at http://localhost:3000/api/v1/ {"timestamp":"2022-11-28T12:42:07.154Z"}
info: Connected to the database. {"timestamp":"2022-11-28T12:42:16.393Z"}
info: Server started at http://localhost:3000/api/v1/ {"timestamp":"2022-11-28T12:42:43.632Z"}
info: Connected to the database. {"timestamp":"2022-11-28T12:42:52.035Z"}
info: Server started at http://localhost:3000/api/v1/ {"timestamp":"2022-11-28T12:44:40.369Z"}
info: Server started at http://localhost:3000/api/v1/ {"timestamp":"2022-11-28T12:44:50.628Z"}
info: Server started at http://localhost:3000/api/v1/ {"timestamp":"2022-11-28T12:45:00.536Z"}
info: Connected to the database. {"timestamp":"2022-11-28T12:45:09.440Z"}
info: Server started at http://localhost:3000/api/v1/ {"timestamp":"2022-11-28T12:45:39.501Z"}
info: Connected to the database. {"timestamp":"2022-11-28T12:45:48.005Z"}
info: Server started at http://localhost:3000/api/v1/ {"timestamp":"2022-11-28T12:45:58.765Z"}
info: Server started at http://localhost:3000/api/v1/ {"timestamp":"2022-11-28T12:46:07.694Z"}
info: Connected to the database. {"timestamp":"2022-11-28T12:46:16.669Z"}
info: Server started at http://localhost:3000/api/v1/ {"timestamp":"2022-11-28T12:46:30.718Z"}
info: Server started at http://localhost:3000/api/v1/ {"timestamp":"2022-11-28T12:46:37.046Z"}
info: Connected to the database. {"timestamp":"2022-11-28T12:46:45.378Z"}
info: Server started at http://localhost:3000/api/v1/ {"timestamp":"2022-11-28T12:47:33.072Z"}
info: Connected to the database. {"timestamp":"2022-11-28T12:47:41.888Z"}
info: Server started at http://localhost:3000/api/v1/ {"timestamp":"2022-11-28T12:48:13.812Z"}
info: Connected to the database. {"timestamp":"2022-11-28T12:48:22.428Z"}
info: Server started at http://localhost:3000/api/v1/ {"timestamp":"2022-11-28T12:49:40.304Z"}
info: Connected to the database. {"timestamp":"2022-11-28T12:49:49.845Z"}
info: Server started at http://localhost:3000/api/v1/ {"timestamp":"2022-11-28T12:50:09.647Z"}
info: Connected to the database. {"timestamp":"2022-11-28T12:50:17.980Z"}
info: Server started at http://localhost:3000/api/v1/ {"timestamp":"2022-11-28T12:50:35.576Z"}
info: Connected to the database. {"timestamp":"2022-11-28T12:50:43.859Z"}
info: Server started at http://localhost:3000/api/v1/ {"timestamp":"2022-11-28T12:56:04.870Z"}
info: Connected to the database. {"timestamp":"2022-11-28T12:56:14.315Z"}
info: Server started at http://localhost:3000/api/v1/ {"timestamp":"2022-11-28T13:00:30.329Z"}
info: Connected to the database. {"timestamp":"2022-11-28T13:00:39.866Z"}
