info: Server started at http://localhost:3000/api/v1/ {"timestamp":"2022-11-12T02:21:33.291Z"}
info: Connected to the database. {"timestamp":"2022-11-12T02:21:33.358Z"}
info: Server started at http://localhost:3000/api/v1/ {"timestamp":"2022-11-12T02:45:36.191Z"}
info: Connected to the database. {"timestamp":"2022-11-12T02:45:36.351Z"}
info: Server started at http://localhost:3000/api/v1/ {"timestamp":"2022-11-12T07:04:38.283Z"}
info: Connected to the database. {"timestamp":"2022-11-12T07:04:38.339Z"}
error: 
    status - 500 
    message - ValidationError: "password" length must be less than or equal to 10 characters long 
    url - /api/v1/users/register 
    method - POST 
    IP - ::1
   {"timestamp":"2022-11-12T07:05:38.955Z"}
error: 
    status - 500 
    message - ReferenceError: bcrypt is not defined
    at _callee2$ (E:\express\fundo-notes-project\src\services\/user.service.js:12:9)
    at tryCatch (E:\express\fundo-notes-project\node_modules\@babel\runtime\helpers\regeneratorRuntime.js:44:17)
    at Generator.<anonymous> (E:\express\fundo-notes-project\node_modules\@babel\runtime\helpers\regeneratorRuntime.js:125:22)
    at Generator.next (E:\express\fundo-notes-project\node_modules\@babel\runtime\helpers\regeneratorRuntime.js:69:21)
    at asyncGeneratorStep (E:\express\fundo-notes-project\node_modules\@babel\runtime\helpers\asyncToGenerator.js:3:24)
    at _next (E:\express\fundo-notes-project\node_modules\@babel\runtime\helpers\asyncToGenerator.js:22:9)
    at E:\express\fundo-notes-project\node_modules\@babel\runtime\helpers\asyncToGenerator.js:27:7
    at new Promise (<anonymous>)
    at Object.<anonymous> (E:\express\fundo-notes-project\node_modules\@babel\runtime\helpers\asyncToGenerator.js:19:12)
    at Object.newUserRegistration (E:\express\fundo-notes-project\src\services\/user.service.js:10:33)
    at _callee3$ (E:\express\fundo-notes-project\src\controllers\/user.controller.js:50:36)
    at tryCatch (E:\express\fundo-notes-project\node_modules\@babel\runtime\helpers\regeneratorRuntime.js:44:17)
    at Generator.<anonymous> (E:\express\fundo-notes-project\node_modules\@babel\runtime\helpers\regeneratorRuntime.js:125:22)
    at Generator.next (E:\express\fundo-notes-project\node_modules\@babel\runtime\helpers\regeneratorRuntime.js:69:21)
    at asyncGeneratorStep (E:\express\fundo-notes-project\node_modules\@babel\runtime\helpers\asyncToGenerator.js:3:24)
    at _next (E:\express\fundo-notes-project\node_modules\@babel\runtime\helpers\asyncToGenerator.js:22:9)
    at E:\express\fundo-notes-project\node_modules\@babel\runtime\helpers\asyncToGenerator.js:27:7
    at new Promise (<anonymous>)
    at E:\express\fundo-notes-project\node_modules\@babel\runtime\helpers\asyncToGenerator.js:19:12
    at newUserRegistration (E:\express\fundo-notes-project\src\controllers\/user.controller.js:48:33)
    at Layer.handle [as handle_request] (E:\express\fundo-notes-project\node_modules\express\lib\router\layer.js:95:5)
    at next (E:\express\fundo-notes-project\node_modules\express\lib\router\route.js:144:13)
    at newUserValidator (E:\express\fundo-notes-project\src\validators\/user.validator.js:15:5)
    at Layer.handle [as handle_request] (E:\express\fundo-notes-project\node_modules\express\lib\router\layer.js:95:5)
    at next (E:\express\fundo-notes-project\node_modules\express\lib\router\route.js:144:13)
    at Route.dispatch (E:\express\fundo-notes-project\node_modules\express\lib\router\route.js:114:3)
    at Layer.handle [as handle_request] (E:\express\fundo-notes-project\node_modules\express\lib\router\layer.js:95:5)
    at E:\express\fundo-notes-project\node_modules\express\lib\router\index.js:284:15
    at Function.process_params (E:\express\fundo-notes-project\node_modules\express\lib\router\index.js:346:12)
    at next (E:\express\fundo-notes-project\node_modules\express\lib\router\index.js:280:10)
    at Function.handle (E:\express\fundo-notes-project\node_modules\express\lib\router\index.js:175:3)
    at router (E:\express\fundo-notes-project\node_modules\express\lib\router\index.js:47:12)
    at Layer.handle [as handle_request] (E:\express\fundo-notes-project\node_modules\express\lib\router\layer.js:95:5)
    at trim_prefix (E:\express\fundo-notes-project\node_modules\express\lib\router\index.js:328:13)
    at E:\express\fundo-notes-project\node_modules\express\lib\router\index.js:286:9
    at Function.process_params (E:\express\fundo-notes-project\node_modules\express\lib\router\index.js:346:12)
    at next (E:\express\fundo-notes-project\node_modules\express\lib\router\index.js:280:10)
    at Function.handle (E:\express\fundo-notes-project\node_modules\express\lib\router\index.js:175:3)
    at router (E:\express\fundo-notes-project\node_modules\express\lib\router\index.js:47:12)
    at Layer.handle [as handle_request] (E:\express\fundo-notes-project\node_modules\express\lib\router\layer.js:95:5)
    at trim_prefix (E:\express\fundo-notes-project\node_modules\express\lib\router\index.js:328:13)
    at E:\express\fundo-notes-project\node_modules\express\lib\router\index.js:286:9
    at Function.process_params (E:\express\fundo-notes-project\node_modules\express\lib\router\index.js:346:12)
    at next (E:\express\fundo-notes-project\node_modules\express\lib\router\index.js:280:10)
    at logger (E:\express\fundo-notes-project\node_modules\morgan\index.js:144:5)
    at Layer.handle [as handle_request] (E:\express\fundo-notes-project\node_modules\express\lib\router\layer.js:95:5)
    at trim_prefix (E:\express\fundo-notes-project\node_modules\express\lib\router\index.js:328:13)
    at E:\express\fundo-notes-project\node_modules\express\lib\router\index.js:286:9
    at Function.process_params (E:\express\fundo-notes-project\node_modules\express\lib\router\index.js:346:12)
    at next (E:\express\fundo-notes-project\node_modules\express\lib\router\index.js:280:10)
    at E:\express\fundo-notes-project\node_modules\body-parser\lib\read.js:137:5
    at AsyncResource.runInAsyncScope (node:async_hooks:203:9)
    at invokeCallback (E:\express\fundo-notes-project\node_modules\raw-body\index.js:231:16)
    at done (E:\express\fundo-notes-project\node_modules\raw-body\index.js:220:7)
    at IncomingMessage.onEnd (E:\express\fundo-notes-project\node_modules\raw-body\index.js:280:7)
    at IncomingMessage.emit (node:events:525:35) 
    url - /api/v1/users/register 
    method - POST 
    IP - ::1
   {"timestamp":"2022-11-12T07:05:47.242Z"}
info: Server started at http://localhost:3000/api/v1/ {"timestamp":"2022-11-12T07:06:27.415Z"}
info: Connected to the database. {"timestamp":"2022-11-12T07:06:27.457Z"}
