info: Server started at http://localhost:3000/api/v1/ {"timestamp":"2022-11-18T02:54:55.512Z"}
info: Connected to the database. {"timestamp":"2022-11-18T02:54:55.553Z"}
info: Server started at http://localhost:3000/api/v1/ {"timestamp":"2022-11-18T09:28:24.902Z"}
info: Connected to the database. {"timestamp":"2022-11-18T09:28:25.137Z"}
info: Server started at http://localhost:3000/api/v1/ {"timestamp":"2022-11-18T09:40:45.347Z"}
info: Connected to the database. {"timestamp":"2022-11-18T09:40:45.369Z"}
info: Server started at http://localhost:3000/api/v1/ {"timestamp":"2022-11-18T09:43:34.957Z"}
info: Connected to the database. {"timestamp":"2022-11-18T09:43:34.979Z"}
info: Server started at http://localhost:3000/api/v1/ {"timestamp":"2022-11-18T09:44:11.012Z"}
info: Connected to the database. {"timestamp":"2022-11-18T09:44:11.037Z"}
info: Server started at http://localhost:3000/api/v1/ {"timestamp":"2022-11-18T09:45:50.799Z"}
info: Connected to the database. {"timestamp":"2022-11-18T09:45:50.833Z"}
error: 
    status - 500 
    message - ReferenceError: HttpStatus is not defined
    at newNotesValidator (E:\express\fundo-notes-project\src\validators\/notes.validator.js:15:20)
    at Layer.handle [as handle_request] (E:\express\fundo-notes-project\node_modules\express\lib\router\layer.js:95:5)
    at next (E:\express\fundo-notes-project\node_modules\express\lib\router\route.js:144:13)
    at Route.dispatch (E:\express\fundo-notes-project\node_modules\express\lib\router\route.js:114:3)
    at Layer.handle [as handle_request] (E:\express\fundo-notes-project\node_modules\express\lib\router\layer.js:95:5)
    at E:\express\fundo-notes-project\node_modules\express\lib\router\index.js:284:15
    at Function.process_params (E:\express\fundo-notes-project\node_modules\express\lib\router\index.js:346:12)
    at next (E:\express\fundo-notes-project\node_modules\express\lib\router\index.js:280:10)
    at Function.handle (E:\express\fundo-notes-project\node_modules\express\lib\router\index.js:175:3)
    at router (E:\express\fundo-notes-project\node_modules\express\lib\router\index.js:47:12)
    at Layer.handle [as handle_request] (E:\express\fundo-notes-project\node_modules\express\lib\router\layer.js:95:5)
    at trim_prefix (E:\express\fundo-notes-project\node_modules\express\lib\router\index.js:328:13)
    at E:\express\fundo-notes-project\node_modules\express\lib\router\index.js:286:9
    at Function.process_params (E:\express\fundo-notes-project\node_modules\express\lib\router\index.js:346:12)
    at next (E:\express\fundo-notes-project\node_modules\express\lib\router\index.js:280:10)
    at Function.handle (E:\express\fundo-notes-project\node_modules\express\lib\router\index.js:175:3)
    at router (E:\express\fundo-notes-project\node_modules\express\lib\router\index.js:47:12)
    at Layer.handle [as handle_request] (E:\express\fundo-notes-project\node_modules\express\lib\router\layer.js:95:5)
    at trim_prefix (E:\express\fundo-notes-project\node_modules\express\lib\router\index.js:328:13)
    at E:\express\fundo-notes-project\node_modules\express\lib\router\index.js:286:9
    at Function.process_params (E:\express\fundo-notes-project\node_modules\express\lib\router\index.js:346:12)
    at next (E:\express\fundo-notes-project\node_modules\express\lib\router\index.js:280:10)
    at logger (E:\express\fundo-notes-project\node_modules\morgan\index.js:144:5)
    at Layer.handle [as handle_request] (E:\express\fundo-notes-project\node_modules\express\lib\router\layer.js:95:5)
    at trim_prefix (E:\express\fundo-notes-project\node_modules\express\lib\router\index.js:328:13)
    at E:\express\fundo-notes-project\node_modules\express\lib\router\index.js:286:9
    at Function.process_params (E:\express\fundo-notes-project\node_modules\express\lib\router\index.js:346:12)
    at next (E:\express\fundo-notes-project\node_modules\express\lib\router\index.js:280:10)
    at E:\express\fundo-notes-project\node_modules\body-parser\lib\read.js:137:5
    at AsyncResource.runInAsyncScope (node:async_hooks:203:9)
    at invokeCallback (E:\express\fundo-notes-project\node_modules\raw-body\index.js:231:16)
    at done (E:\express\fundo-notes-project\node_modules\raw-body\index.js:220:7)
    at IncomingMessage.onEnd (E:\express\fundo-notes-project\node_modules\raw-body\index.js:280:7)
    at IncomingMessage.emit (node:events:525:35)
    at IncomingMessage.emit (node:domain:489:12)
    at endReadableNT (node:internal/streams/readable:1358:12)
    at processTicksAndRejections (node:internal/process/task_queues:83:21) 
    url - /api/v1/notes 
    method - POST 
    IP - ::1
   {"timestamp":"2022-11-18T09:47:10.990Z"}
info: Server started at http://localhost:3000/api/v1/ {"timestamp":"2022-11-18T09:47:59.612Z"}
info: Connected to the database. {"timestamp":"2022-11-18T09:47:59.636Z"}
info: Server started at http://localhost:3000/api/v1/ {"timestamp":"2022-11-18T10:04:11.249Z"}
info: Connected to the database. {"timestamp":"2022-11-18T10:04:11.354Z"}
